>>>>>>>>>>>>>>>>>>>>>>>>>>>>>>>>>>>>>>>>>>>>>>>>>>>>>>>>>>>>>>>>>>>>>>>>>>>>>>
>>>> Toolkit for HEP Event Generation - ThePEG 2.2.0 <<<<<<<<<<<<<<<<<<<<<<<<<
>>>> Wed Sep 30 22:26:15 2020                                             <<<<
<<<<<<<<<<<<<<<<<<<<<<<<<<<<<<<<<<<<<<<<<<<<<<<<<<<<<<<<<<<<<<<<<<<<<<<<<<<<<<

>> Herwig 7.2.0 / ThePEG 2.2.0

/Herwig/Cuts/Cuts:
MHat  = 0 .. 13000 GeV
Scale = 2 .. 1e+12 GeV2
YHat  = -100 .. 100
X1    = 1e-05 .. 1
X2    = 1e-05 .. 1

'JetFinder' clustering jets from constituents matched by 'MatchboxJetMatcher'
into inclusive jets recombining with the E scheme
The measure used is antiKt
The cone radius is R = 0.4
IdentifiedParticleCut 'PhotonCut' matching 'Photon' within:
pt  = 0 .. 1e+06 GeV
IdentifiedParticleCut 'LeptonCut' matching 'Lepton' within:
pt  = 0 .. 1e+06 GeV
IdentifiedParticleCut 'TopQuarkCut' matching 'Top' within:
pt  = 0 .. 1e+06 GeV
IdentifiedParticleCut 'BottomQuarkCut' matching 'Bottom' within:
pt  = 0 .. 1e+06 GeV
IdentifiedParticleCut 'WBosonCut' matching 'WBoson' within:
pt  = 0 .. 1e+06 GeV
IdentifiedParticleCut 'ZBosonCut' matching 'ZBoson' within:
pt  = 0 .. 1e+06 GeV
IdentifiedParticleCut 'HiggsBosonCut' matching 'HiggsBoson' within:
pt  = 0 .. 1e+06 GeV
IdentifiedParticleCut 'ChargedLeptonCut' matching 'ChargedLepton' within:
pt  = 0 .. 1e+06 GeV
/Herwig/Cuts/LeptonPairMassCut
matching distances between: 'Lepton' and 'Lepton':
M = 0 .. 1e+06 GeV
same flavour only = No 
opposite sign only = No 

/Herwig/Cuts/ChargedLeptonPairMassCut
matching distances between: 'ChargedLepton' and 'ChargedLepton':
M = 60 .. 120 GeV
same flavour only = No 
opposite sign only = No 

/Herwig/Cuts/LeptonDeltaRCut
matching distances between: 'Lepton' and 'Lepton':
DeltaRMin = 0 
DeltaRMax = 100 
DeltaPhiMin = 0 
DeltaPhiMax = 6.28319 
DeltaYMin = 0 
DeltaYMax = 100 

/Herwig/Cuts/ChargedLeptonDeltaRCut
matching distances between: 'ChargedLepton' and 'ChargedLepton':
DeltaRMin = 0 
DeltaRMax = 100 
DeltaPhiMin = 0 
DeltaPhiMax = 6.28319 
DeltaYMin = 0 
DeltaYMax = 100 

JetCuts cutting on jets ordered in pt  with regions:
JetRegion 'FirstJet' matching jets #1  within:
pt  = 10 .. 1e+06 GeV
y   = -5 .. 5
JetRegion 'SecondJet' matching jets #2  within:
pt  = 10 .. 1e+06 GeV
y   = -5 .. 5

/Herwig/Cuts/PhotonIsolationCut matching unresolved particles from 'MatchboxJetMatcher':
DeltaZero = 0 
Exponent n = 1 
Efficiency = 0 
Cut Type = 1 

MissingPtCut 'MissingPtCut' matching 'Neutrino' within:
ptMiss  = 0 .. 1e+06 GeV
#--------------------------------------------------------------------------
#                         FastJet release 3.3.2
#                 M. Cacciari, G.P. Salam and G. Soyez                  
#     A software package for jet finding and analysis at colliders      
#                           http://fastjet.fr                           
#	                                                                      
# Please cite EPJC72(2012)1896 [arXiv:1111.6097] if you use this package
# for scientific work and optionally PLB641(2006)57 [hep-ph/0512210].   
#                                                                       
# FastJet is provided without warranty under the terms of the GNU GPLv2.
# It uses T. Chan's closest pair algorithm, S. Fortune's Voronoi code
# and 3rd party plugin jet algorithms. See COPYING file for details.
#--------------------------------------------------------------------------
******************************************************************************
Event number 1 (id: LHC-H-Merging) performed by EventHandler
Weight: 2.01383e-05
==============================================================================

--- Colliding particles:
  1        p+    2212  (10,47)   
                                 0.000     0.000  6500.000  6500.000     0.938
  2        p+    2212  (11,49)   
                                 0.000     0.000 -6500.000  6500.000     0.938
------------------------------------------------------------------------------
Primary sub-process performed by ME[u,ubar->dbar,d,h0].Born
--- incoming:
  3         u       2 [22] (6,8)   {+1}
                                 0.000    -0.000  1535.746  1535.746     0.000
  4      ubar      -2 [12] (7)   {-2}
                                 0.000     0.000   -67.744    67.744     0.000
--- intermediates:
  5        W+      24 [6] (7)   
                                33.152    17.218    15.715    -3.693   -40.359
  6        W+      24 [3] (5,9)   
                                -8.142    13.034   460.061   459.951   -18.362
--- outgoing:
  7      dbar      -1 [4,5] (13)  11> {-2}
                                33.152    17.218   -52.029    64.051     0.000
  8         d       1 [3] (23)  >10 {+1}
                                 8.142   -13.034  1075.684  1075.794     0.000
  9        h0      25 [6] (46)   
                               -41.294    -4.185   444.346   463.645   125.700
------------------------------------------------------------------------------
Step 1
--- intermediates:
  3         u       2 [22] (6,8)   {+1}
                                 0.000    -0.000  1535.746  1535.746     0.000
  4      ubar      -2 [12] (7)   {-2}
                                 0.000     0.000   -67.744    67.744     0.000
  5        W+      24 [6] (7)   
                                33.152    17.218    15.715    -3.693   -40.359
  6        W+      24 [3] (5,9)   
                                -8.142    13.034   460.061   459.951   -18.362
--- final:
  7      dbar      -1 [4,5] (13)  11> {-2}
                                33.152    17.218   -52.029    64.051     0.000
  8         d       1 [3] (23)  >10 {+1}
                                 8.142   -13.034  1075.684  1075.794     0.000
  9        h0      25 [6] (46)   
                               -41.294    -4.185   444.346   463.645   125.700
 10    Rem:p+      82 [1] (48)  8> {-1}
                                 0.000     0.000  4964.254  4964.254     0.820
 11    Rem:p+      82 [2] (50)  >7 {+2}
                                -0.000     0.000 -6432.256  6432.256     0.933
------------------------------------------------------------------------------
     Sum of momenta:                 0         0         0   1.3e+04   1.3e+04
------------------------------------------------------------------------------
Step 2 performed by DipoleShowerHandler
--- intermediates:
  3         u       2 [22] (6,8)   {+1}
                                 0.000    -0.000  1535.746  1535.746     0.000
  4      ubar      -2 [12] (7)   {-2}
                                 0.000     0.000   -67.744    67.744     0.000
  7      dbar      -1 [4,5] (13)   {-2}
                                33.152    17.218   -52.029    64.051     0.000
  8         d       1 [3] (23)   {+1}
                                 8.142   -13.034  1075.684  1075.794     0.000
  9        h0      25 [6] (46)   
                               -41.294    -4.185   444.346   463.645   125.700
 12      ubar      -2 [14] (4)   {-2}
                                -0.006     0.065   -67.717    67.717    -0.000
 13      dbar      -1 [7] (15,29)   {-2}
                                33.147    17.273   -51.996    64.036    -0.000
 14      ubar      -2 [16] (12)   {-2}
                                -0.012     0.134  -140.412   140.412    -0.000
 15         g      21 [13] (17)   {+3,-2}
                                -9.433     1.443   -12.817    15.979    -0.000
 16         g      21 [18] (14,19)   {+4,-2}
                                -0.022     0.247  -258.221   258.221    -0.000
 17         g      21 [15] (20,21)   {+3,-2}
                                 2.816     7.534   -12.412    14.790    -0.000
 18         g      21 [27] (16)   {+4,-2}
                                -0.026     0.290  -303.004   303.004    -0.000
 19         u       2 [16] (31)   {+4}
                               -12.259    -5.978  -118.213   118.998    -0.000
 20         g      21 [17] (30,34)   {+3,-5}
                                 3.217     9.182   -19.035    21.377    -0.000
 21         g      21 [17] (32)   {+5,-2}
                                -0.404    -1.605   -38.161    38.197    -0.000
 22         u       2 [26] (3)   {+1}
                                 0.015    -0.170  1536.355  1536.355     0.000
 23         d       1 [8] (24,25)   {+1}
                                 8.152   -13.152  1076.104  1076.215    -0.000
 24         d       1 [23] (28,36)   {+6}
                                12.058    -7.858  2017.471  2017.522    -0.000
 25         g      21 [23] (35)   {+1,-6}
                                -3.892    -5.439   373.277   373.337    -0.000
 26         u       2 [47] (22)   {+1}
                                 0.028    -0.315  2850.999  2850.999     0.000
 27         g      21 [49] (18,33)   {+7,-2}
                                -0.028     0.315  -329.105   329.105    -0.000
 28         d       1 [24] (37)   {+8}
                                 5.502    -2.846  1286.161  1286.176     0.000
 29      dbar      -1 [13] (38)   {-3}
                                42.574    15.900  -111.873   120.752    -0.000
 30         g      21 [20] (39)   {+3,-9}
                                 0.873     1.125    -1.551     2.105    -0.000
 31         u       2 [19] (40)   {+4}
                               -12.939    -4.948  -132.182   132.906    -0.000
 32         g      21 [21] (41)   {+5,-2}
                                -0.393    -1.560   -37.077    37.112    -0.000
 33         g      21 [27] (42)   {+7,-4}
                                 0.677    -1.005   -12.132    12.192    -0.000
 34         g      21 [20] (43)   {+9,-5}
                                 2.332     8.011   -18.568    20.356    -0.000
 35         g      21 [25] (44)   {+1,-6}
                                -3.374    -4.715   323.548   323.600     0.000
 36         g      21 [24] (45)   {+6,-8}
                                 6.037    -5.737   781.039   781.083     0.000
 47         u       2 [1] (26)   {+1}
                                -0.000    -0.000  2850.999  2850.999     0.000
 48    Rem:p+      82 [10] (52)   
                                 0.000     0.000  3649.001  3649.001     0.650
 49         g      21 [2] (27)   {+7,-2}
                                 0.000    -0.000  -329.105   329.105    -0.000
 50    Rem:p+      82 [11] (51,53)   
                                -0.000     0.000 -6170.895  6170.895     1.615
--- final:
 37         d       1 [28]   >45 {+8}
                                 5.502    -2.845  1286.073  1286.087     0.325
 38      dbar      -1 [29]   39> {-3}
                                42.571    15.899  -111.866   120.744     0.325
 39         g      21 [30]   43>>38 {+3,-9}
                                 0.875     1.126    -1.446     2.242     0.950
 40         u       2 [31]   >42 {+4}
                               -12.938    -4.948  -132.173   132.897     0.325
 41         g      21 [32]   51>>43 {+5,-2}
                                -0.393    -1.559   -37.070    37.117     0.950
 42         g      21 [33]   40>>53 {+7,-4}
                                 0.677    -1.005   -12.115    12.213     0.950
 43         g      21 [34]   41>>39 {+9,-5}
                                 2.332     8.010   -18.556    20.368     0.950
 44         g      21 [35]   45>>52 {+1,-6}
                                -3.374    -4.714   323.530   323.583     0.950
 45         g      21 [36]   37>>44 {+6,-8}
                                 6.037    -5.737   780.987   781.032     0.950
 46        h0      25 [9]    
                               -41.290    -4.226   444.529   463.821   125.700
 51         u       2 [50]   >41 {+2}
                                 0.011     0.029 -5117.357  5117.357     0.325
 52      ud_0    2101 [48]   44> {-1}
                                 0.000     0.000  3649.001  3649.001     0.650
 53      ud_0    2101 [50]   42> {-7}
                                -0.011    -0.029 -1053.538  1053.538     0.650
------------------------------------------------------------------------------
     Sum of momenta:                 0         0         0   1.3e+04   1.3e+04
******************************************************************************
Event number 2 (id: LHC-H-Merging) performed by EventHandler
Weight: 1.22066e-07
==============================================================================

--- Colliding particles:
  1        p+    2212  (10,59)   
                                 0.000     0.000  6500.000  6500.000     0.938
  2        p+    2212  (11,61)   
                                 0.000     0.000 -6500.000  6500.000     0.938
------------------------------------------------------------------------------
Primary sub-process performed by ME[u,ubar->dbar,d,h0].Born
--- incoming:
  3         u       2 [12] (6)   {+1}
                                 0.000     0.000    99.204    99.204     0.000
  4      ubar      -2 [13] (6)   {-1}
                                 0.000    -0.000  -812.182   812.182     0.000
--- intermediates:
  5        Z0      23 [6] (7,8)   
                              -235.352  -112.299  -405.596   489.148    82.194
  6        Z0      23 [3,4] (5,9)   
                                 0.000     0.000  -712.978   911.386   567.704
--- outgoing:
  7      dbar      -1 [5] (31)  8> {-2}
                                -8.669   -26.533   -22.637    35.939     0.000
  8         d       1 [5] (30)  >7 {+2}
                              -226.682   -85.766  -382.959   453.209     0.000
  9        h0      25 [6] (58)   
                               235.352   112.299  -307.381   422.238   125.700
------------------------------------------------------------------------------
Step 1
--- intermediates:
  3         u       2 [12] (6)   {+1}
                                 0.000     0.000    99.204    99.204     0.000
  4      ubar      -2 [13] (6)   {-1}
                                 0.000    -0.000  -812.182   812.182     0.000
  5        Z0      23 [6] (7,8)   
                              -235.352  -112.299  -405.596   489.148    82.194
  6        Z0      23 [3,4] (5,9)   
                                 0.000     0.000  -712.978   911.386   567.704
--- final:
  7      dbar      -1 [5] (31)  8> {-2}
                                -8.669   -26.533   -22.637    35.939     0.000
  8         d       1 [5] (30)  >7 {+2}
                              -226.682   -85.766  -382.959   453.209     0.000
  9        h0      25 [6] (58)   
                               235.352   112.299  -307.381   422.238   125.700
 10    Rem:p+      82 [1] (60)  11> {-1}
                                 0.000     0.000  6400.796  6400.796     0.931
 11    Rem:p+      82 [2] (62)  >10 {+1}
                                -0.000     0.000 -5687.818  5687.818     0.878
------------------------------------------------------------------------------
     Sum of momenta:                 0         0         0   1.3e+04   1.3e+04
------------------------------------------------------------------------------
Step 2 performed by DipoleShowerHandler
--- intermediates:
  3         u       2 [12] (6)   {+1}
                                 0.000     0.000    99.204    99.204     0.000
  4      ubar      -2 [13] (6)   {-1}
                                 0.000    -0.000  -812.182   812.182     0.000
  7      dbar      -1 [5] (31)   {-2}
                                -8.669   -26.533   -22.637    35.939     0.000
  8         d       1 [5] (30)   {+2}
                              -226.682   -85.766  -382.959   453.209     0.000
  9        h0      25 [6] (58)   
                               235.352   112.299  -307.381   422.238   125.700
 12         u       2 [14] (3)   {+1}
                                -1.780     6.798    98.401    98.651     0.000
 13      ubar      -2 [18] (4)   {-1}
                                -2.056     6.435  -818.000   818.028    -0.000
 14         u       2 [16] (12)   {+1}
                                 0.015     0.025    99.324    99.324    -0.000
 15         g      21 [18] (19)   {+1,-3}
                                 3.587   -13.633   -62.581    64.149    -0.000
 16         u       2 [28] (14,17)   {+4}
                                 0.017     0.027   108.006   108.006     0.000
 17         g      21 [16] (20)   {+4,-1}
                                -7.979    -1.692     6.346    10.335     0.000
 18      ubar      -2 [33] (13,15)   {-3}
                                -0.265    -0.424  -881.504   881.504     0.000
 19         g      21 [15] (24)   {+1,-3}
                                11.567   -11.938   -60.245    62.496    -0.000
 20         g      21 [17] (23,25)   {+4,-1}
                                -0.877    -4.248     0.388     4.355     0.000
 21         g      21 [28] (22)   {+5,-4}
                                -6.904     2.873  1286.842  1286.863     0.000
 22         g      21 [21] (29,41)   {+5,-4}
                                -6.816     2.836  1270.383  1270.404     0.000
 23         g      21 [20] (26)   {+4,-6}
                                 1.858     0.544    14.785    14.912    -0.000
 24         g      21 [19] (36,42)   {+1,-3}
                                13.314    -9.746   -60.242    62.460    -0.000
 25         g      21 [20] (27)   {+6,-1}
                                -2.823    -4.756     2.061     5.902    -0.000
 26         g      21 [23] (40,43)   {+4,-6}
                                 1.803     0.528    14.350    14.473     0.000
 27         g      21 [25] (37)   {+6,-1}
                                -2.798    -4.713     2.043     5.849     0.000
 28         u       2 [32] (16,21)   {+5}
                                 0.215     0.344  1388.889  1388.889     0.000
 29         g      21 [22] (38)   {+5,-7}
                                -2.540     1.651   769.059   769.065     0.000
 30         d       1 [8] (34,45)   {+2}
                              -228.369   -80.053  -385.380   455.059     0.000
 31      dbar      -1 [7] (35)   {-2}
                                -8.861   -25.852   -22.157    35.182     0.000
 32         u       2 [59] (28,44)   {+8}
                                 0.303     0.485  1960.288  1960.288     0.000
 33      ubar      -2 [61] (18,39)   {-9}
                                -0.303    -0.485 -1008.061  1008.061     0.000
 34         d       1 [30] (46)   {+10}
                              -203.087   -75.160  -347.720   409.637     0.000
 35      dbar      -1 [31] (47)   {-2}
                                -8.665   -25.281   -21.668    34.405     0.000
 36         g      21 [24] (48)   {+11,-3}
                                 7.165    -7.076   -36.027    37.408     0.000
 37         g      21 [27] (49)   {+6,-1}
                                -2.669    -4.496     1.949     5.581     0.000
 38         g      21 [29] (50)   {+5,-7}
                                -2.672     0.541   869.070   869.075     0.000
 39         g      21 [33] (51)   {+3,-9}
                                -1.784    -2.254  -126.560   126.593     0.000
 40         g      21 [26] (52)   {+4,-12}
                                 0.354    -0.886     7.935     7.992     0.000
 41         g      21 [22] (53)   {+7,-4}
                                -4.222     1.200   501.759   501.778     0.000
 42         g      21 [24] (54)   {+1,-11}
                                 6.123    -2.713   -24.196    25.105     0.000
 43         g      21 [26] (55)   {+12,-6}
                                 1.321     1.198     6.509     6.749    -0.000
 44         g      21 [32] (56)   {+8,-5}
                                 0.221     1.252   471.386   471.388     0.000
 45         g      21 [30] (57)   {+2,-10}
                               -25.477    -5.464   -38.150    46.199    -0.000
 59         u       2 [1] (32)   {+8}
                                -0.000     0.000  1960.288  1960.288     0.000
 60    Rem:p+      82 [10] (65)   
                                 0.000     0.000  4539.712  4539.712     0.650
 61      ubar      -2 [2] (33)   {-9}
                                 0.000     0.000 -1008.061  1008.061     0.000
 62    Rem:p+      82 [11] (63,64,66)   
                                -0.000    -0.000 -5491.939  5491.939     1.923
--- final:
 46         d       1 [34]   >57 {+10}
                              -203.057   -75.149  -347.669   409.577     0.325
 47      dbar      -1 [35]   57> {-2}
                                -8.664   -25.277   -21.664    34.401     0.325
 48         g      21 [36]   51>>54 {+11,-3}
                                 7.163    -7.075   -36.018    37.411     0.950
 49         g      21 [37]   54>>55 {+6,-1}
                                -2.679    -4.501     2.002     5.687     0.950
 50         g      21 [38]   53>>56 {+5,-7}
                                -2.672     0.541   868.943   868.948     0.950
 51         g      21 [39]   64>>48 {+3,-9}
                                -1.784    -2.253  -126.540   126.577     0.950
 52         g      21 [40]   55>>53 {+4,-12}
                                 0.344    -0.891     7.989     8.102     0.950
 53         g      21 [41]   52>>50 {+7,-4}
                                -4.221     1.200   501.686   501.706     0.950
 54         g      21 [42]   48>>49 {+1,-11}
                                 6.121    -2.713   -24.186    25.114     0.950
 55         g      21 [43]   49>>52 {+12,-6}
                                 1.309     1.193     6.568     6.869     0.950
 56         g      21 [44]   50>>65 {+8,-5}
                                 0.221     1.252   471.318   471.321     0.950
 57         g      21 [45]   46>>47 {+2,-10}
                               -25.474    -5.464   -38.141    46.200     0.950
 58        h0      25 [9]    
                               233.393   119.138  -312.062   426.438   125.700
 63         u       2 [62]   >66 {+13}
                                -0.365    -0.015  -952.086   952.086     0.325
 64         u       2 [62]   >51 {+9}
                                -0.244     0.114 -2183.114  2183.114     0.325
 65      ud_0    2101 [60]   56> {-8}
                                 0.000     0.000  4539.712  4539.712     0.650
 66      ud_0    2101 [62]   63> {-13}
                                 0.609    -0.099 -2356.739  2356.739     0.650
------------------------------------------------------------------------------
     Sum of momenta:                 0         0         0   1.3e+04   1.3e+04
******************************************************************************
Event number 3 (id: LHC-H-Merging) performed by EventHandler
Weight: 1.27803e-05
==============================================================================

--- Colliding particles:
  1        p+    2212  (10,35)   
                                 0.000     0.000  6500.000  6500.000     0.938
  2        p+    2212  (11,37)   
                                 0.000     0.000 -6500.000  6500.000     0.938
------------------------------------------------------------------------------
Primary sub-process performed by ME[u,ubar->dbar,d,h0].Born
--- incoming:
  3         u       2 [18] (6,8)   {+1}
                                -0.000     0.000   187.268   187.268     0.000
  4      ubar      -2 [12] (7)   {-2}
                                 0.000    -0.000  -190.708   190.708     0.000
--- intermediates:
  5        W+      24 [6] (7)   
                                28.871    -2.747    83.566   -79.711   -38.349
  6        W+      24 [3] (5,9)   
                               -39.264    15.138    72.281    64.823   -52.852
--- outgoing:
  7      dbar      -1 [4,5] (13)  11> {-2}
                                28.871    -2.747  -107.141   110.997     0.000
  8         d       1 [3] (19)  >10 {+1}
                                39.264   -15.138   114.987   122.445     0.000
  9        h0      25 [6] (34)   
                               -68.135    17.884   -11.285   144.534   125.700
------------------------------------------------------------------------------
Step 1
--- intermediates:
  3         u       2 [18] (6,8)   {+1}
                                -0.000     0.000   187.268   187.268     0.000
  4      ubar      -2 [12] (7)   {-2}
                                 0.000    -0.000  -190.708   190.708     0.000
  5        W+      24 [6] (7)   
                                28.871    -2.747    83.566   -79.711   -38.349
  6        W+      24 [3] (5,9)   
                               -39.264    15.138    72.281    64.823   -52.852
--- final:
  7      dbar      -1 [4,5] (13)  11> {-2}
                                28.871    -2.747  -107.141   110.997     0.000
  8         d       1 [3] (19)  >10 {+1}
                                39.264   -15.138   114.987   122.445     0.000
  9        h0      25 [6] (34)   
                               -68.135    17.884   -11.285   144.534   125.700
 10    Rem:p+      82 [1] (36)  8> {-1}
                                 0.000     0.000  6312.731  6312.732     0.925
 11    Rem:p+      82 [2] (38)  >7 {+2}
                                -0.000     0.000 -6309.292  6309.292     0.924
------------------------------------------------------------------------------
     Sum of momenta:                 0         0         0   1.3e+04   1.3e+04
------------------------------------------------------------------------------
Step 2 performed by DipoleShowerHandler
--- intermediates:
  3         u       2 [18] (6,8)   {+1}
                                -0.000     0.000   187.268   187.268     0.000
  4      ubar      -2 [12] (7)   {-2}
                                 0.000    -0.000  -190.708   190.708     0.000
  7      dbar      -1 [4,5] (13)   {-2}
                                28.871    -2.747  -107.141   110.997     0.000
  8         d       1 [3] (19)   {+1}
                                39.264   -15.138   114.987   122.445     0.000
  9        h0      25 [6] (34)   
                               -68.135    17.884   -11.285   144.534   125.700
 12      ubar      -2 [14] (4)   {-2}
                                -0.035     0.024  -190.745   190.745    -0.000
 13      dbar      -1 [7] (16)   {-2}
                                28.851    -2.733  -107.171   111.020     0.000
 14      ubar      -2 [21] (12,15)   {-3}
                                -0.058     0.039  -312.170   312.170     0.000
 15         g      21 [14] (17)   {+2,-3}
                                 7.736     2.255  -166.160   166.355     0.000
 16      dbar      -1 [13] (23,26)   {-2}
                                21.093    -4.973   -62.436    66.090    -0.000
 17         g      21 [15] (24)   {+2,-3}
                                 4.814    -0.376   -74.073    74.230    -0.000
 18         u       2 [20] (3)   {+1}
                                 0.055    -0.037   187.232   187.232     0.000
 19         d       1 [8] (22)   {+1}
                                39.298   -15.161   114.951   122.425    -0.000
 20         u       2 [35] (18,27)   {+4}
                                 0.078    -0.052   265.404   265.404     0.000
 21      ubar      -2 [37] (14,25)   {-5}
                                -0.078     0.052  -422.518   422.518     0.000
 22         d       1 [19] (28)   {+1}
                                39.117   -14.116   112.065   119.533    -0.000
 23      dbar      -1 [16] (29)   {-6}
                                18.152    -3.206   -53.450    56.539    -0.000
 24         g      21 [17] (30)   {+2,-3}
                                 4.704    -0.368   -72.383    72.537     0.000
 25         g      21 [21] (31)   {+3,-5}
                                 2.902     2.645  -202.434   202.472     0.000
 26         g      21 [16] (32)   {+6,-2}
                                 3.050    -1.776   -10.676    11.244     0.000
 27         g      21 [20] (33)   {+4,-1}
                                 0.205    -1.060    81.058    81.065    -0.000
 35         u       2 [1] (20)   {+4}
                                 0.000    -0.000   265.404   265.404    -0.000
 36    Rem:p+      82 [10] (41)   
                                -0.000     0.000  6234.595  6234.595     0.650
 37      ubar      -2 [2] (21)   {-5}
                                 0.000    -0.000  -422.518   422.518    -0.000
 38    Rem:p+      82 [11] (39,40,42)   
                                -0.000     0.000 -6077.481  6077.484     6.147
--- final:
 28         d       1 [22]   >33 {+1}
                                39.111   -14.114   112.050   119.517     0.325
 29      dbar      -1 [23]   32> {-6}
                                18.150    -3.205   -53.443    56.533     0.325
 30         g      21 [24]   31>>32 {+2,-3}
                                 4.704    -0.368   -72.375    72.535     0.950
 31         g      21 [25]   40>>30 {+3,-5}
                                 2.902     2.644  -202.408   202.448     0.950
 32         g      21 [26]   30>>29 {+6,-2}
                                 3.057    -1.778   -10.689    11.299     0.950
 33         g      21 [27]   28>>41 {+4,-1}
                                 0.206    -1.060    81.046    81.058     0.950
 34        h0      25 [9]    
                               -68.130    17.881   -11.294   144.532   125.700
 39         u       2 [38]   >42 {+7}
                                 0.211     0.458 -3843.606  3843.606     0.325
 40         u       2 [38]   >31 {+5}
                                -0.108     0.153 -2100.849  2100.849     0.325
 41      ud_0    2101 [36]   33> {-4}
                                -0.000     0.000  6234.595  6234.595     0.650
 42      ud_0    2101 [38]   39> {-7}
                                -0.103    -0.610  -133.025   133.028     0.650
------------------------------------------------------------------------------
     Sum of momenta:                 0         0         0   1.3e+04   1.3e+04
******************************************************************************
Event number 4 (id: LHC-H-Merging) performed by EventHandler
Weight: 1.65869e-06
==============================================================================

--- Colliding particles:
  1        p+    2212  (10,91)   
                                 0.000     0.000  6500.000  6500.000     0.938
  2        p+    2212  (11,93)   
                                 0.000     0.000 -6500.000  6500.000     0.938
------------------------------------------------------------------------------
Primary sub-process performed by ME[dbar,d->ubar,u,h0].Born
--- incoming:
  3      dbar      -1 [12] (6,7)   {-1}
                                 0.000     0.000    23.339    23.339     0.000
  4         d       1 [32] (8)   {+2}
                                 0.000     0.000  -472.906   472.906     0.000
--- intermediates:
  5        W+      24 [6] (8)   
                                41.340    -3.008   271.185  -266.971   -63.135
  6        W+      24 [3] (5,9)   
                                -7.919   -13.596    50.389    -7.954   -52.186
--- outgoing:
  7      ubar      -2 [3] (13)  10> {-1}
                                 7.919    13.596   -27.050    31.293     0.000
  8         u       2 [4,5] (33)  >11 {+2}
                                41.340    -3.008  -201.721   205.935     0.000
  9        h0      25 [6] (90)   
                               -49.259   -10.589  -220.796   259.017   125.700
------------------------------------------------------------------------------
Step 1
--- intermediates:
  3      dbar      -1 [12] (6,7)   {-1}
                                 0.000     0.000    23.339    23.339     0.000
  4         d       1 [32] (8)   {+2}
                                 0.000     0.000  -472.906   472.906     0.000
  5        W+      24 [6] (8)   
                                41.340    -3.008   271.185  -266.971   -63.135
  6        W+      24 [3] (5,9)   
                                -7.919   -13.596    50.389    -7.954   -52.186
--- final:
  7      ubar      -2 [3] (13)  10> {-1}
                                 7.919    13.596   -27.050    31.293     0.000
  8         u       2 [4,5] (33)  >11 {+2}
                                41.340    -3.008  -201.721   205.935     0.000
  9        h0      25 [6] (90)   
                               -49.259   -10.589  -220.796   259.017   125.700
 10    Rem:p+      82 [1] (92)  >7 {+1}
                                 0.000     0.000  6476.660  6476.661     0.937
 11    Rem:p+      82 [2] (94)  8> {-2}
                                -0.000     0.000 -6027.094  6027.094     0.903
------------------------------------------------------------------------------
     Sum of momenta:                 0         0         0   1.3e+04   1.3e+04
------------------------------------------------------------------------------
Step 2 performed by DipoleShowerHandler
--- intermediates:
  3      dbar      -1 [12] (6,7)   {-1}
                                 0.000     0.000    23.339    23.339     0.000
  4         d       1 [32] (8)   {+2}
                                 0.000     0.000  -472.906   472.906     0.000
  7      ubar      -2 [3] (13)   {-1}
                                 7.919    13.596   -27.050    31.293     0.000
  8         u       2 [4,5] (33)   {+2}
                                41.340    -3.008  -201.721   205.935     0.000
  9        h0      25 [6] (90)   
                               -49.259   -10.589  -220.796   259.017   125.700
 12      dbar      -1 [14] (3)   {-1}
                                 0.023     0.042    23.314    23.314     0.000
 13      ubar      -2 [7] (23)   {-1}
                                 7.891    13.546   -27.117    31.323     0.000
 14         g      21 [16] (12,15)   {+3,-1}
                                 0.052     0.095    53.050    53.050     0.000
 15         d       1 [14] (19)   {+3}
                               -23.177     9.346    12.780    28.069    -0.000
 16         g      21 [22] (14,17)   {+4,-1}
                                 0.194     0.355   197.816   197.816     0.000
 17         g      21 [16] (18,25)   {+4,-3}
                                 5.976   -14.438   114.777   115.836     0.000
 18         g      21 [17] (20,24)   {+5,-3}
                                 5.976   -14.619   168.164   168.904     0.000
 19         d       1 [15] (21)   {+3}
                               -29.010    24.043    42.769    56.999     0.000
 20         g      21 [18] (27,29)   {+6,-3}
                                 3.959    -1.486    28.631    28.941     0.000
 21         d       1 [19] (52)   {+3}
                               -28.666    23.758    42.262    56.323     0.000
 22         g      21 [36] (16)   {+4,-1}
                                 0.246     0.451   251.169   251.169     0.000
 23      ubar      -2 [13] (35)   {-1}
                                31.097     4.254   -10.161    32.991    -0.000
 24         g      21 [18] (26,39)   {+5,-6}
                                 1.673   -12.848   140.040   140.639     0.000
 25         g      21 [17] (37)   {+4,-5}
                                 0.052     0.278    -0.034     0.285     0.000
 26         g      21 [24] (38,40)   {+7,-6}
                                 2.284    -6.857    54.399    54.877     0.000
 27         g      21 [20] (28)   {+6,-8}
                                -1.099     0.660    -0.458     1.362     0.000
 28         g      21 [27] (31,41)   {+6,-8}
                                -0.998     0.600    -0.416     1.236     0.000
 29         g      21 [20] (30)   {+8,-3}
                                 1.869     0.496    33.790    33.845     0.000
 30         g      21 [29] (56,61)   {+8,-3}
                                 0.925     0.246    16.718    16.746     0.000
 31      bbar      -5 [28] (60)   {-8}
                                -1.594    -1.273     0.686     2.152    -0.000
 32         d       1 [49] (4)   {+2}
                                -0.481    -0.881  -473.429   473.430     0.000
 33         u       2 [8] (50)   {+2}
                                41.134    -3.384  -201.984   206.158     0.000
 34         g      21 [36] (42,63)   {+1,-9}
                                 0.145    -2.704   109.978   110.012     0.000
 35      ubar      -2 [23] (43)   {-1}
                                31.061     7.156    -9.778    33.340    -0.000
 36         g      21 [48] (22,34)   {+4,-9}
                                 0.355     0.650   361.530   361.531     0.000
 37         g      21 [25] (53)   {+4,-5}
                                 0.038     0.203    -0.025     0.208     0.000
 38         g      21 [26] (54,65)   {+7,-10}
                                 1.883    -3.178    13.887    14.370     0.000
 39         g      21 [24] (58)   {+5,-7}
                                -0.598    -5.916    85.632    85.839     0.000
 40         g      21 [26] (59,66)   {+10,-6}
                                 0.300    -3.619    40.470    40.632     0.000
 41         b       5 [28] (55)   {+6}
                                 1.540     2.124    15.969    16.183     0.000
 42         u       2 [34] (44,57)   {+1}
                                 1.987    -1.204    70.570    70.608     0.000
 43      ubar      -2 [35] (45)   {-1}
                                31.008     7.144    -9.761    33.284     0.000
 44         g      21 [42] (46,47)   {+1,-11}
                                -1.170     0.646     1.247     1.828     0.000
 45      ubar      -2 [43] (51)   {-1}
                                30.532     7.034    -9.612    32.773     0.000
 46         g      21 [44] (67,69)   {+12,-11}
                                -1.539     0.521     0.211     1.639    -0.000
 47         g      21 [44] (68)   {+1,-12}
                                 4.861     1.159    -0.379     5.012    -0.000
 48         g      21 [91] (36,64)   {+13,-9}
                                 0.511     0.936   520.634   520.635     0.000
 49         d       1 [93] (32,62)   {+14}
                                -0.511    -0.936  -502.505   502.507     0.000
 50         u       2 [33] (70)   {+2}
                                39.627    -3.814  -189.046   193.193     0.000
 51      ubar      -2 [45] (71)   {-1}
                                26.040     5.999    -8.198    27.951     0.000
 52         d       1 [21] (72)   {+3}
                               -25.478    21.115    37.561    50.058     0.000
 53         g      21 [37] (73)   {+4,-5}
                                 1.037     1.254     5.671     5.899     0.000
 54         b       5 [38] (74)   {+7}
                                 1.154    -4.712    21.815    22.348     0.000
 55         b       5 [41] (75)   {+6}
                                 1.212     1.671    12.562    12.731     0.000
 56         g      21 [30] (76)   {+15,-3}
                                 1.211     1.250    11.667    11.796     0.000
 57         u       2 [42] (77)   {+11}
                                 3.633    -1.740    69.173    69.290     0.000
 58         g      21 [39] (78)   {+5,-7}
                                -0.423    -4.189    60.641    60.787     0.000
 59         g      21 [40] (79)   {+10,-16}
                                -0.061    -1.169     4.440     4.592     0.000
 60      bbar      -5 [31] (80)   {-8}
                                -1.286    -1.027     0.554     1.736    -0.000
 61         g      21 [30] (81)   {+8,-15}
                                -0.594    -1.250     5.184     5.366     0.000
 62         g      21 [49] (82)   {+14,-2}
                                 1.478     0.376   -42.014    42.042    -0.000
 63      ubar      -2 [34] (83)   {-9}
                                -1.789    -1.489    39.392    39.460    -0.000
 64         g      21 [48] (84)   {+13,-4}
                                -0.843    -0.765   153.409   153.413     0.000
 65      bbar      -5 [38] (85)   {-10}
                                 0.555    -0.192    17.064    17.074    -0.000
 66         g      21 [40] (86)   {+16,-6}
                                 0.690    -1.997    39.437    39.493     0.000
 67         g      21 [46] (87)   {+17,-11}
                                -0.992     0.917     1.100     1.742    -0.000
 68         g      21 [47] (88)   {+1,-12}
                                 3.532     0.842    -0.275     3.642    -0.000
 69         g      21 [46] (89)   {+12,-17}
                                 0.782    -0.079    -0.992     1.266     0.000
 91         g      21 [1] (48)   {+13,-9}
                                -0.000     0.000   520.635   520.635     0.000
 92    Rem:p+      82 [10] (95,96)   
                                 0.000     0.000  5979.364  5979.365     3.145
 93         d       1 [2] (49)   {+14}
                                -0.000    -0.000  -502.507   502.507     0.000
 94    Rem:p+      82 [11] (97)   
                                 0.000     0.000 -5997.493  5997.493     0.650
--- final:
 70         u       2 [50]   >82 {+2}
                                39.206    -3.774  -187.039   191.141     0.325
 71      ubar      -2 [51]   88> {-1}
                                25.764     5.936    -8.110    27.656     0.325
 72         d       1 [52]   >76 {+3}
                               -25.207    20.891    37.163    49.528     0.325
 73         g      21 [53]   78>>84 {+4,-5}
                                 1.033     1.242     5.645     5.948     0.950
 74         b       5 [54]   >78 {+7}
                                 1.193    -4.651    21.832    22.907     5.000
 75         b       5 [55]   >86 {+6}
                                 1.287     1.672    12.854    13.952     5.000
 76         g      21 [56]   72>>81 {+15,-3}
                                 1.202     1.237    11.560    11.727     0.950
 77         u       2 [57]   >87 {+11}
                                 3.594    -1.721    68.439    68.556     0.325
 78         g      21 [58]   74>>73 {+5,-7}
                                -0.418    -4.145    60.000    60.152     0.950
 79         g      21 [59]   86>>85 {+10,-16}
                                -0.052    -1.154     4.436     4.682     0.950
 80      bbar      -5 [60]   81> {-8}
                                -1.029    -0.962     1.723     5.473     5.000
 81         g      21 [61]   76>>80 {+8,-15}
                                -0.580    -1.235     5.166     5.427     0.950
 82         g      21 [62]   70>>97 {+14,-2}
                                 1.463     0.372   -41.566    41.604     0.950
 83      ubar      -2 [63]   95> {-9}
                                -1.770    -1.473    38.974    39.043     0.325
 84         g      21 [64]   73>>96 {+13,-4}
                                -0.833    -0.757   151.781   151.788     0.950
 85      bbar      -5 [65]   79> {-10}
                                 0.616    -0.175    17.207    17.931     5.000
 86         g      21 [66]   75>>79 {+16,-6}
                                 0.684    -1.975    39.023    39.091     0.950
 87         g      21 [67]   77>>89 {+17,-11}
                                -0.963     0.911     1.179     2.013     0.950
 88         g      21 [68]   89>>71 {+1,-12}
                                 3.503     0.835    -0.232     3.732     0.950
 89         g      21 [69]   87>>88 {+12,-17}
                                 0.792    -0.074    -0.895     1.529     0.950
 90        h0      25 [9]    
                               -49.484   -11.001  -221.014   259.263   125.700
 95         u       2 [92]   >83 {+9}
                                -0.714     0.049  5372.438  5372.438     0.325
 96      ud_0    2101 [92]   84> {-13}
                                 0.714    -0.049   606.926   606.927     0.650
 97      uu_1    2203 [94]   82> {-14}
                                 0.000     0.000 -5997.493  5997.493     0.650
------------------------------------------------------------------------------
     Sum of momenta:                 0         0         0   1.3e+04   1.3e+04
******************************************************************************
Event number 5 (id: LHC-H-Merging) performed by EventHandler
Weight: 2.49885e-11
==============================================================================

--- Colliding particles:
  1        p+    2212  (10,67)   
                                 0.000     0.000  6500.000  6500.000     0.938
  2        p+    2212  (11,69)   
                                 0.000     0.000 -6500.000  6500.000     0.938
------------------------------------------------------------------------------
Primary sub-process performed by ME[sbar,s->cbar,c,g,h0].RealME[sbar,s->cbar,c,h0].FIqgxDipole.[(3,4),1]
--- incoming:
  3      sbar      -3 [12] (6)   {-1}
                                 0.000     0.000   364.551   364.551     0.000
  4         s       3 [13] (6)   {+1}
                                 0.000     0.000  -180.672   180.672     0.000
--- intermediates:
  5        Z0      23 [6] (7,8)   
                               -44.247   218.198    27.961   245.758   100.235
  6        Z0      23 [3,4] (5,9)   
                                 0.000     0.000   183.879   545.223   513.280
--- outgoing:
  7      cbar      -4 [5] (26)  8> {-2}
                                 1.175    -9.632     8.022    12.590     0.000
  8         c       4 [5] (27)  >7 {+2}
                               -45.422   227.830    19.940   233.168     0.000
  9        h0      25 [6] (66)   
                                44.247  -218.198   155.918   299.465   125.700
------------------------------------------------------------------------------
Step 1
--- intermediates:
  3      sbar      -3 [12] (6)   {-1}
                                 0.000     0.000   364.551   364.551     0.000
  4         s       3 [13] (6)   {+1}
                                 0.000     0.000  -180.672   180.672     0.000
  5        Z0      23 [6] (7,8)   
                               -44.247   218.198    27.961   245.758   100.235
  6        Z0      23 [3,4] (5,9)   
                                 0.000     0.000   183.879   545.223   513.280
--- final:
  7      cbar      -4 [5] (26)  8> {-2}
                                 1.175    -9.632     8.022    12.590     0.000
  8         c       4 [5] (27)  >7 {+2}
                               -45.422   227.830    19.940   233.168     0.000
  9        h0      25 [6] (66)   
                                44.247  -218.198   155.918   299.465   125.700
 10    Rem:p+      82 [1] (68)  >11 {+1}
                                -0.000     0.000  6135.449  6135.449     0.912
 11    Rem:p+      82 [2] (70)  10> {-1}
                                -0.000     0.000 -6319.328  6319.328     0.925
------------------------------------------------------------------------------
     Sum of momenta:                 0         0         0   1.3e+04   1.3e+04
------------------------------------------------------------------------------
Step 2 performed by DipoleShowerHandler
--- intermediates:
  3      sbar      -3 [12] (6)   {-1}
                                 0.000     0.000   364.551   364.551     0.000
  4         s       3 [13] (6)   {+1}
                                 0.000     0.000  -180.672   180.672     0.000
  7      cbar      -4 [5] (26)   {-2}
                                 1.175    -9.632     8.022    12.590     0.000
  8         c       4 [5] (27)   {+2}
                               -45.422   227.830    19.940   233.168     0.000
  9        h0      25 [6] (66)   
                                44.247  -218.198   155.918   299.465   125.700
 12      sbar      -3 [14] (3)   {-1}
                                 3.475     4.684   363.061   363.108    -0.000
 13         s       3 [15] (4)   {+1}
                                 3.137     0.850  -181.407   181.437     0.000
 14      sbar      -3 [16] (12)   {-1}
                                 1.056     3.377   363.208   363.226    -0.000
 15         g      21 [17] (13,21)   {+1,-3}
                                 0.955    -0.612  -241.753   241.756     0.000
 16      sbar      -3 [18] (14)   {-1}
                                -0.049     4.143   363.210   363.233    -0.000
 17         g      21 [19] (15,20)   {+1,-4}
                                -0.713     0.738 -1157.119  1157.120    -0.000
 18      sbar      -3 [22] (16)   {-1}
                                 0.220     2.929   363.218   363.230    -0.000
 19         g      21 [37] (17,42)   {+1,-5}
                                -0.711    -0.761 -1851.056  1851.056    -0.000
 20         g      21 [17] (25,41)   {+3,-4}
                                -2.773     2.117  -915.365   915.372     0.000
 21      sbar      -3 [15] (24)   {-3}
                                -4.601    -2.770   -60.198    60.437    -0.000
 22      sbar      -3 [36] (18,23)   {-6}
                                 0.465     1.843   363.828   363.833     0.000
 23         g      21 [22] (43,45)   {+1,-6}
                                 0.489    -2.177    -1.447     2.660    -0.000
 24      sbar      -3 [21] (40,46)   {-3}
                                -4.316    -2.598   -56.468    56.692    -0.000
 25         g      21 [20] (44)   {+3,-7}
                                -1.774     2.008  -176.381   176.401     0.000
 26      cbar      -4 [7] (28,29)   {-2}
                                 1.312    -9.489     8.014    12.490    -0.000
 27         c       4 [8] (30)   {+2}
                               -42.360   229.960    17.877   234.512     0.000
 28         g      21 [26] (31,33)   {+8,-2}
                                -1.771    61.202    -1.700    61.251    -0.000
 29      cbar      -4 [26] (32)   {-8}
                                -8.989    -5.153    14.809    18.074    -0.000
 30         c       4 [27] (34,38)   {+2}
                               -30.287   164.423    12.782   167.677     0.000
 31         g      21 [28] (35)   {+9,-2}
                                 0.704    45.456    -4.032    45.640    -0.000
 32      cbar      -4 [29] (39,50)   {-8}
                                -8.757    -5.020    14.428    17.608     0.000
 33         g      21 [28] (48)   {+8,-9}
                                -2.707    15.613     2.713    16.076     0.000
 34         g      21 [30] (49,51)   {+2,-10}
                                -9.204    49.996     1.219    50.851     0.000
 35         g      21 [31] (47)   {+9,-2}
                                 0.661    42.693    -3.787    42.866    -0.000
 36      sbar      -3 [67] (22)   {-6}
                                 0.467     1.851   365.513   365.518     0.000
 37         g      21 [69] (19)   {+1,-5}
                                -0.467    -1.851 -1853.113  1853.114    -0.000
 38         c       4 [30] (52)   {+10}
                               -21.041   117.189    11.318   119.600     0.000
 39      cbar      -4 [32] (53)   {-11}
                                -8.406    -2.267    13.204    15.816     0.000
 40      sbar      -3 [24] (54)   {-12}
                                -4.352    -1.060   -45.267    45.488    -0.000
 41         g      21 [20] (55)   {+7,-4}
                                -1.285    -0.062  -742.714   742.715     0.000
 42         g      21 [19] (56)   {+4,-5}
                                 0.271    -2.713  -693.928   693.933     0.000
 43         g      21 [23] (57)   {+1,-13}
                                 1.035    -3.096     0.177     3.269    -0.000
 44         g      21 [25] (58)   {+3,-7}
                                -1.256     1.421  -124.879   124.894    -0.000
 45         g      21 [23] (59)   {+13,-6}
                                -0.544     0.927     0.061     1.077    -0.000
 46         g      21 [24] (60)   {+12,-3}
                                -0.481    -0.952   -62.703    62.712     0.000
 47         g      21 [35] (61)   {+9,-2}
                                 0.555    35.806    -3.176    35.951    -0.000
 48         g      21 [33] (62)   {+8,-9}
                                -2.587    14.921     2.593    15.363    -0.000
 49         g      21 [34] (63)   {+14,-10}
                                -7.681    45.648    -1.161    46.304    -0.000
 50         g      21 [32] (64)   {+11,-8}
                                -0.471    -2.061     1.344     2.506     0.000
 51         g      21 [34] (65)   {+2,-14}
                                -1.417    11.235     1.770    11.462    -0.000
 67      sbar      -3 [1] (36)   {-6}
                                 0.000     0.000   365.516   365.516    -0.000
 68    Rem:p+      82 [10] (71,72,74)   
                                 0.000    -0.000  6134.483  6134.484     3.438
 69         g      21 [2] (37)   {+1,-5}
                                -0.000    -0.000 -1853.116  1853.116    -0.000
 70    Rem:p+      82 [11] (73,75)   
                                 0.000     0.000 -4646.884  4646.884     2.322
--- final:
 52         c       4 [38]   >63 {+10}
                               -21.031   117.135    11.303   119.554     1.600
 53      cbar      -4 [39]   64> {-11}
                                -8.403    -2.261    13.157    15.855     1.600
 54      sbar      -3 [40]   60> {-12}
                                -4.351    -1.058   -45.258    45.481     0.450
 55         g      21 [41]   56>>58 {+7,-4}
                                -1.284    -0.062  -742.367   742.368     0.950
 56         g      21 [42]   73>>55 {+4,-5}
                                 0.271    -2.711  -693.604   693.610     0.950
 57         g      21 [43]   59>>75 {+1,-13}
                                 1.031    -3.081     0.076     3.386     0.950
 58         g      21 [44]   55>>60 {+3,-7}
                                -1.256     1.424  -124.842   124.860     0.950
 59         g      21 [45]   72>>57 {+13,-6}
                                -0.554     0.974    -0.301     1.500     0.950
 60         g      21 [46]   58>>54 {+12,-3}
                                -0.482    -0.946   -62.716    62.732     0.950
 61         g      21 [47]   65>>62 {+9,-2}
                                 0.554    35.791    -3.188    35.949     0.950
 62         g      21 [48]   61>>64 {+8,-9}
                                -2.586    14.917     2.567    15.385     0.950
 63         g      21 [49]   52>>65 {+14,-10}
                                -7.677    45.628    -1.171    46.294     0.950
 64         g      21 [50]   62>>53 {+11,-8}
                                -0.474    -2.047     1.245     2.620     0.950
 65         g      21 [51]   63>>61 {+2,-14}
                                -1.417    11.234     1.736    11.495     0.950
 66        h0      25 [9]    
                                47.659  -214.937   155.762   297.543   125.700
 71         s       3 [68]   >74 {+15}
                                -0.159     0.126  3476.392  3476.392     0.450
 72         u       2 [68]   >59 {+6}
                                 0.114    -0.008  2415.539  2415.539     0.325
 73         u       2 [70]   >56 {+5}
                                -0.753     0.590 -3020.981  3020.981     0.325
 74      ud_0    2101 [68]   71> {-15}
                                 0.045    -0.118   242.551   242.552     0.650
 75      ud_0    2101 [70]   57> {-1}
                                 0.753    -0.590 -1625.902  1625.903     0.650
------------------------------------------------------------------------------
     Sum of momenta:                 0         0         0   1.3e+04   1.3e+04
******************************************************************************
Event number 6 (id: LHC-H-Merging) performed by EventHandler
Weight: 9.4573e-06
==============================================================================

--- Colliding particles:
  1        p+    2212  (10,79)   
                                 0.000     0.000  6500.000  6500.000     0.938
  2        p+    2212  (11,81)   
                                 0.000     0.000 -6500.000  6500.000     0.938
------------------------------------------------------------------------------
Primary sub-process performed by ME[u,ubar->dbar,d,h0].Born
--- incoming:
  3         u       2 [18] (6,8)   {+1}
                                 0.000     0.000   698.782   698.782     0.000
  4      ubar      -2 [12] (7)   {-2}
                                 0.000     0.000   -63.792    63.792     0.000
--- intermediates:
  5        W+      24 [6] (7)   
                               -14.218    21.611    58.717   -37.430   -52.114
  6        W+      24 [3] (5,9)   
                                89.136   -21.343   175.239   167.276  -105.489
--- outgoing:
  7      dbar      -1 [4,5] (13)  11> {-2}
                               -14.218    21.611    -5.074    26.362     0.000
  8         d       1 [3] (19)  >10 {+1}
                               -89.136    21.343   523.544   531.506     0.000
  9        h0      25 [6] (78)   
                               103.354   -42.954   116.521   204.707   125.700
------------------------------------------------------------------------------
Step 1
--- intermediates:
  3         u       2 [18] (6,8)   {+1}
                                 0.000     0.000   698.782   698.782     0.000
  4      ubar      -2 [12] (7)   {-2}
                                 0.000     0.000   -63.792    63.792     0.000
  5        W+      24 [6] (7)   
                               -14.218    21.611    58.717   -37.430   -52.114
  6        W+      24 [3] (5,9)   
                                89.136   -21.343   175.239   167.276  -105.489
--- final:
  7      dbar      -1 [4,5] (13)  11> {-2}
                               -14.218    21.611    -5.074    26.362     0.000
  8         d       1 [3] (19)  >10 {+1}
                               -89.136    21.343   523.544   531.506     0.000
  9        h0      25 [6] (78)   
                               103.354   -42.954   116.521   204.707   125.700
 10    Rem:p+      82 [1] (80)  8> {-1}
                                 0.000     0.000  5801.218  5801.218     0.886
 11    Rem:p+      82 [2] (82)  >7 {+2}
                                -0.000     0.000 -6436.208  6436.208     0.934
------------------------------------------------------------------------------
     Sum of momenta:                 0         0         0   1.3e+04   1.3e+04
------------------------------------------------------------------------------
Step 2 performed by DipoleShowerHandler
--- intermediates:
  3         u       2 [18] (6,8)   {+1}
                                 0.000     0.000   698.782   698.782     0.000
  4      ubar      -2 [12] (7)   {-2}
                                 0.000     0.000   -63.792    63.792     0.000
  7      dbar      -1 [4,5] (13)   {-2}
                               -14.218    21.611    -5.074    26.362     0.000
  8         d       1 [3] (19)   {+1}
                               -89.136    21.343   523.544   531.506     0.000
  9        h0      25 [6] (78)   
                               103.354   -42.954   116.521   204.707   125.700
 12      ubar      -2 [14] (4)   {-2}
                                -0.070     0.214   -63.718    63.719    -0.000
 13      dbar      -1 [7] (15)   {-2}
                               -14.230    21.649    -4.982    26.382     0.000
 14         g      21 [16] (12,29)   {+3,-2}
                                -0.078     0.238   -70.716    70.717    -0.000
 15      dbar      -1 [13] (17,45)   {-2}
                                 3.193     7.522    -0.561     8.191    -0.000
 16         g      21 [28] (14)   {+3,-2}
                                -0.081     0.247   -73.308    73.309    -0.000
 17         g      21 [15] (39,47)   {+4,-2}
                                -0.537     5.359    -3.551     6.451    -0.000
 18         u       2 [22] (3)   {+1}
                                 0.313    -0.951   699.588   699.588    -0.000
 19         d       1 [8] (20,21)   {+1}
                               -88.904    20.639   524.276   532.161    -0.000
 20         d       1 [19] (44,50)   {+5}
                               -86.078    27.324   585.874   592.794    -0.000
 21         g      21 [19] (23)   {+1,-5}
                                -2.787    -6.807    27.537    28.502    -0.000
 22         u       2 [24] (18)   {+1}
                                 0.352    -1.072   788.723   788.724    -0.000
 23         g      21 [21] (25,51)   {+1,-5}
                                -2.686    -6.560    26.538    27.468    -0.000
 24         u       2 [26] (22)   {+1}
                                 0.361    -1.099   808.551   808.551    -0.000
 25         g      21 [23] (49)   {+1,-6}
                                -0.358    -5.089    15.735    16.541    -0.000
 26         u       2 [42] (24,27)   {+7}
                                 0.403    -1.225   901.534   901.535    -0.000
 27         g      21 [26] (52,53)   {+7,-1}
                                 0.308     1.672    78.772    78.791    -0.000
 28         g      21 [38] (16)   {+3,-2}
                                -0.085     0.258   -76.630    76.630    -0.000
 29         u       2 [14] (31)   {+3}
                               -17.431    14.151   -11.419    25.189     0.000
 30         g      21 [38] (32,34)   {+8,-3}
                                -1.493     1.588   -64.507    64.543    -0.000
 31         u       2 [29] (33)   {+3}
                               -16.006    12.769    -8.397    22.130     0.000
 32         g      21 [30] (35,56)   {+9,-3}
                                -0.218     2.337    -2.467     3.405     0.000
 33         u       2 [31] (46)   {+3}
                               -14.902    11.889    -7.818    20.604     0.000
 34         g      21 [30] (36,37)   {+8,-9}
                                -2.379     0.131   -62.619    62.664    -0.000
 35         g      21 [32] (40)   {+9,-10}
                                -3.566     4.161    -5.091     7.480    -0.000
 36         g      21 [34] (41,58)   {+11,-9}
                                -0.500     0.048   -53.359    53.362    -0.000
 37         g      21 [34] (54)   {+8,-11}
                                -2.197     0.453    -9.713     9.968    -0.000
 38         g      21 [43] (28,30)   {+8,-2}
                                -0.153     0.464  -138.114   138.115     0.000
 39      dbar      -1 [17] (48)   {-2}
                                -2.419     2.251    -3.125     4.548     0.000
 40         g      21 [35] (55,60)   {+9,-10}
                                -3.248     3.791    -4.638     6.814     0.000
 41         g      21 [36] (57)   {+12,-9}
                                 0.523     1.176   -31.824    31.850    -0.000
 42         u       2 [79] (26)   {+7}
                                 0.456    -1.386  1020.238  1020.239    -0.000
 43         u       2 [81] (38,59)   {+8}
                                -0.456     1.386  -412.250   412.253    -0.000
 44         d       1 [20] (61)   {+13}
                               -29.088    11.050   221.248   223.425    -0.000
 45      dbar      -1 [15] (62)   {-4}
                                 3.727     2.172     0.398     4.332     0.000
 46         u       2 [33] (63)   {+3}
                               -10.487     8.366    -5.501    14.500     0.000
 47         d       1 [17] (64)   {+4}
                                 1.878     3.119    -3.747     5.225     0.000
 48      dbar      -1 [39] (65)   {-2}
                                -2.627     3.727    -6.589     8.013    -0.000
 49         g      21 [25] (66)   {+1,-6}
                                -0.625    -6.887    29.947    30.735    -0.000
 50         g      21 [20] (67)   {+5,-13}
                               -57.091    16.027   365.626   370.403    -0.000
 51         g      21 [23] (68)   {+6,-5}
                                -2.319    -1.498    30.630    30.754    -0.000
 52         b       5 [27] (69)   {+7}
                                -0.788     0.340    36.485    36.495    -0.000
 53      bbar      -5 [27] (70)   {-1}
                                 1.150     1.170   160.991   160.999    -0.000
 54         g      21 [37] (71)   {+8,-11}
                                -1.160     0.239    -5.131     5.266    -0.000
 55         g      21 [40] (72)   {+14,-10}
                                -2.864     1.612    -3.443     4.760     0.000
 56         g      21 [32] (73)   {+10,-3}
                                -1.068     1.699     0.308     2.030     0.000
 57         g      21 [41] (74)   {+12,-9}
                                 0.501     1.127   -30.489    30.514    -0.000
 58         g      21 [36] (75)   {+11,-12}
                                -2.059    -0.914   -26.117    26.214    -0.000
 59         u       2 [43] (76)   {+2}
                                -0.095    -0.555  -270.672   270.673     0.000
 60         g      21 [40] (77)   {+9,-14}
                                -0.363     2.228    -2.530     3.391    -0.000
 79         u       2 [1] (42)   {+7}
                                -0.000     0.000  1020.240  1020.240    -0.000
 80    Rem:p+      82 [10] (83)   
                                 0.000    -0.000  5479.760  5479.760     0.650
 81         u       2 [2] (43)   {+8}
                                 0.000    -0.000  -412.252   412.252    -0.000
 82    Rem:p+      82 [11] (84)   
                                -0.000     0.000 -6087.748  6087.748     0.650
--- final:
 61         d       1 [44]   >67 {+13}
                               -29.057    11.038   221.016   223.192     0.325
 62      dbar      -1 [45]   64> {-4}
                                 3.722     2.170     0.402     4.340     0.325
 63         u       2 [46]   >73 {+3}
                               -10.476     8.358    -5.494    14.488     0.325
 64         d       1 [47]   >62 {+4}
                                 1.875     3.116    -3.740     5.227     0.325
 65      dbar      -1 [48]   76> {-2}
                                -2.624     3.724    -6.580     8.009     0.325
 66         g      21 [49]   68>>70 {+1,-6}
                                -0.626    -6.879    29.925    30.726     0.950
 67         g      21 [50]   61>>68 {+5,-13}
                               -57.032    16.011   365.243   370.017     0.950
 68         g      21 [51]   67>>66 {+6,-5}
                                -2.318    -1.496    30.608    30.747     0.950
 69         b       5 [52]   >83 {+7}
                                -0.835     0.359    36.674    37.025     5.000
 70      bbar      -5 [53]   66> {-1}
                                 1.137     1.174   160.874   160.960     5.000
 71         g      21 [54]   75>>84 {+8,-11}
                                -1.164     0.241    -5.100     5.323     0.950
 72         g      21 [55]   73>>77 {+14,-10}
                                -2.867     1.613    -3.409     4.832     0.950
 73         g      21 [56]   63>>72 {+10,-3}
                                -1.087     1.705     0.405     2.271     0.950
 74         g      21 [57]   77>>75 {+12,-9}
                                 0.499     1.126   -30.453    30.492     0.950
 75         g      21 [58]   74>>71 {+11,-12}
                                -2.058    -0.912   -26.085    26.199     0.950
 76         u       2 [59]   >65 {+2}
                                -0.095    -0.554  -270.389   270.389     0.325
 77         g      21 [60]   72>>74 {+9,-14}
                                -0.371     2.230    -2.485     3.491     0.950
 78        h0      25 [9]    
                               103.377   -43.024   116.576   204.764   125.700
 83      ud_0    2101 [80]   69> {-7}
                                 0.000    -0.000  5479.760  5479.760     0.650
 84      ud_0    2101 [82]   71> {-8}
                                -0.000     0.000 -6087.748  6087.748     0.650
------------------------------------------------------------------------------
     Sum of momenta:                 0         0   0.00018   1.3e+04   1.3e+04
******************************************************************************
Event number 7 (id: LHC-H-Merging) performed by EventHandler
Weight: 5.9609e-06
==============================================================================

--- Colliding particles:
  1        p+    2212  (10,47)   
                                 0.000     0.000  6500.000  6500.000     0.938
  2        p+    2212  (11,49)   
                                 0.000     0.000 -6500.000  6500.000     0.938
------------------------------------------------------------------------------
Primary sub-process performed by ME[u,s->u,s,h0].Born
--- incoming:
  3         u       2 [22] (6,7)   {+1}
                                 0.000     0.000  1197.825  1197.825     0.000
  4         s       3 [12] (8)   {+2}
                                 0.000     0.000  -133.441   133.441     0.000
--- intermediates:
  5        Z0      23 [6] (8)   
                               -67.837   -96.141    51.043    10.205  -127.852
  6        Z0      23 [3] (5,9)   
                                 3.656   -27.489   348.102   347.649   -32.920
--- outgoing:
  7         u       2 [3] (23)  >10 {+1}
                                -3.656    27.489   849.723   850.176     0.000
  8         s       3 [4,5] (13)  >11 {+2}
                               -67.837   -96.141   -82.398   143.647     0.000
  9        h0      25 [6] (46)   
                                71.493    68.653   297.058   337.444   125.700
------------------------------------------------------------------------------
Step 1
--- intermediates:
  3         u       2 [22] (6,7)   {+1}
                                 0.000     0.000  1197.825  1197.825     0.000
  4         s       3 [12] (8)   {+2}
                                 0.000     0.000  -133.441   133.441     0.000
  5        Z0      23 [6] (8)   
                               -67.837   -96.141    51.043    10.205  -127.852
  6        Z0      23 [3] (5,9)   
                                 3.656   -27.489   348.102   347.649   -32.920
--- final:
  7         u       2 [3] (23)  >10 {+1}
                                -3.656    27.489   849.723   850.176     0.000
  8         s       3 [4,5] (13)  >11 {+2}
                               -67.837   -96.141   -82.398   143.647     0.000
  9        h0      25 [6] (46)   
                                71.493    68.653   297.058   337.444   125.700
 10    Rem:p+      82 [1] (48)  7> {-1}
                                 0.000     0.000  5302.175  5302.175     0.847
 11    Rem:p+      82 [2] (50)  8> {-2}
                                -0.000     0.000 -6366.559  6366.559     0.929
------------------------------------------------------------------------------
     Sum of momenta:                 0         0         0   1.3e+04   1.3e+04
------------------------------------------------------------------------------
Step 2 performed by DipoleShowerHandler
--- intermediates:
  3         u       2 [22] (6,7)   {+1}
                                 0.000     0.000  1197.825  1197.825     0.000
  4         s       3 [12] (8)   {+2}
                                 0.000     0.000  -133.441   133.441     0.000
  7         u       2 [3] (23)   {+1}
                                -3.656    27.489   849.723   850.176     0.000
  8         s       3 [4,5] (13)   {+2}
                               -67.837   -96.141   -82.398   143.647     0.000
  9        h0      25 [6] (46)   
                                71.493    68.653   297.058   337.444   125.700
 12         s       3 [18] (4)   {+2}
                                -0.179    -0.586  -133.125   133.126    -0.000
 13         s       3 [8] (14)   {+2}
                               -67.984   -96.623   -81.774   143.683    -0.000
 14         s       3 [13] (16,28)   {+2}
                               -72.109   -89.373   -79.863   139.876    -0.000
 15         g      21 [18] (17)   {+3,-2}
                                 4.104    -7.320   -17.619    19.516    -0.000
 16         g      21 [14] (31,32)   {+2,-4}
                                -0.735     0.617    -0.089     0.964    -0.000
 17         g      21 [15] (19)   {+3,-2}
                                 3.537    -6.309   -15.185    16.819    -0.000
 18         s       3 [27] (12,15)   {+3}
                                -0.200    -0.655  -148.833   148.835    -0.000
 19         g      21 [17] (20,21)   {+3,-2}
                                 1.685    -3.005    -7.233     8.011    -0.000
 20         g      21 [19] (30,34)   {+3,-5}
                                 2.624    -0.869    -8.402     8.845    -0.000
 21         g      21 [19] (33)   {+5,-2}
                                -0.952    -2.177    -8.241     8.577    -0.000
 22         u       2 [24] (3)   {+1}
                                 0.165     0.542  1200.666  1200.666    -0.000
 23         u       2 [7] (25,29)   {+1}
                                -3.539    27.872   851.676   852.139    -0.000
 24         u       2 [26] (22)   {+1}
                                 0.181     0.593  1313.800  1313.800    -0.000
 25         g      21 [23] (35,36)   {+1,-6}
                                 1.351     1.484   163.749   163.762    -0.000
 26         u       2 [47] (24)   {+1}
                                 0.212     0.696  1542.675  1542.675    -0.000
 27         s       3 [49] (18)   {+3}
                                -0.212    -0.696  -158.244   158.246    -0.000
 28         s       3 [14] (37)   {+4}
                               -70.807   -91.001   -82.208   141.608    -0.000
 29         u       2 [23] (38)   {+6}
                                -4.874    26.439   801.060   801.512    -0.000
 30         g      21 [20] (39)   {+3,-7}
                                 2.207    -1.789   -11.259    11.612    -0.000
 31         g      21 [16] (40)   {+8,-4}
                                 1.441     0.772    -4.602     4.883    -0.000
 32         g      21 [16] (41)   {+2,-8}
                                -0.324    -3.459    -3.440     4.889    -0.000
 33         g      21 [21] (42)   {+5,-2}
                                -0.623    -1.426    -5.399     5.619    -0.000
 34         g      21 [20] (43)   {+7,-5}
                                 0.088     0.169     0.014     0.191    -0.000
 35         g      21 [25] (44)   {+1,-9}
                                -0.097     1.590   173.039   173.046    -0.000
 36         g      21 [25] (45)   {+9,-6}
                                 1.480    -0.003   219.586   219.591    -0.000
 47         u       2 [1] (26)   {+1}
                                 0.000     0.000  1542.676  1542.676    -0.000
 48    Rem:p+      82 [10] (53)   
                                -0.000    -0.000  4957.322  4957.323     0.650
 49         s       3 [2] (27)   {+3}
                                 0.000     0.000  -158.245   158.245    -0.000
 50    Rem:p+      82 [11] (51,52,54)   
                                -0.000    -0.000 -6341.753  6341.757     6.745
--- final:
 37         s       3 [28]   >40 {+4}
                               -70.737   -90.912   -82.127   141.470     0.450
 38         u       2 [29]   >45 {+6}
                                -4.869    26.413   800.273   800.723     0.325
 39         g      21 [30]   43>>54 {+3,-7}
                                 2.204    -1.789   -11.230    11.623     0.950
 40         g      21 [31]   37>>41 {+8,-4}
                                 1.437     0.769    -4.556     4.931     0.950
 41         g      21 [32]   40>>42 {+2,-8}
                                -0.327    -3.458    -3.388     4.944     0.950
 42         g      21 [33]   41>>43 {+5,-2}
                                -0.625    -1.427    -5.357     5.659     0.950
 43         g      21 [34]   42>>39 {+7,-5}
                                 0.028     0.112     0.920     1.328     0.950
 44         g      21 [35]   45>>53 {+1,-9}
                                -0.098     1.588   172.879   172.889     0.950
 45         g      21 [36]   38>>44 {+9,-6}
                                 1.478    -0.004   219.378   219.385     0.950
 46        h0      25 [9]    
                                71.509    68.707   297.639   337.970   125.700
 51      sbar      -3 [50]   52> {-10}
                                 0.003    -0.015 -5006.528  5006.528     0.450
 52         d       1 [50]   >51 {+10}
                                -0.024    -0.213 -1267.522  1267.522     0.325
 53      ud_0    2101 [48]   44> {-1}
                                -0.000    -0.000  4957.322  4957.323     0.650
 54      uu_1    2203 [50]   39> {-3}
                                 0.022     0.228   -67.703    67.706     0.650
------------------------------------------------------------------------------
     Sum of momenta:                 0         0         0   1.3e+04   1.3e+04
******************************************************************************
Event number 8 (id: LHC-H-Merging) performed by EventHandler
Weight: 4.73107e-16
==============================================================================

--- Colliding particles:
  1        p+    2212  (12,91)   
                                 0.000     0.000  6500.000  6500.000     0.938
  2        p+    2212  (13,93)   
                                 0.000     0.000 -6500.000  6500.000     0.938
------------------------------------------------------------------------------
Primary sub-process performed by ME[u,g->dbar,d,u,h0].Real
--- incoming:
  3         u       2 [18] (5,7)   {+1}
                                -0.000     0.000  1957.933  1957.933     0.000
  4         g      21 [14] (9)   {+2,-1}
                                 0.000    -0.000 -1681.793  1681.793     0.000
--- intermediates:
  5         d       1 [3] (9)   {+1}
                             -1804.894  -162.318  1831.093   136.525 -2572.597
  6        W+      24 [7] (8,10)   
                               102.802     8.165     7.062   103.553     6.205
  7        W+      24 [3] (6,11)   
                              1804.894   162.318   126.840  1821.409   132.107
--- outgoing:
  8      dbar      -1 [6] (52)  10> {-3}
                                49.512     5.453     0.699    49.816     0.000
  9         d       1 [4,5] (15)  >13 {+2}
                             -1804.894  -162.318   149.300  1818.318     0.000
 10         u       2 [6] (50)  >8 {+3}
                                53.290     2.712     6.364    53.737     0.000
 11        h0      25 [7] (90)   
                              1702.092   154.153   119.778  1717.856   125.700
------------------------------------------------------------------------------
Step 1
--- intermediates:
  3         u       2 [18] (5,7)   {+1}
                                -0.000     0.000  1957.933  1957.933     0.000
  4         g      21 [14] (9)   {+2,-1}
                                 0.000    -0.000 -1681.793  1681.793     0.000
  5         d       1 [3] (9)   {+1}
                             -1804.894  -162.318  1831.093   136.525 -2572.597
  6        W+      24 [7] (8,10)   
                               102.802     8.165     7.062   103.553     6.205
  7        W+      24 [3] (6,11)   
                              1804.894   162.318   126.840  1821.409   132.107
--- final:
  8      dbar      -1 [6] (52)  10> {-3}
                                49.512     5.453     0.699    49.816     0.000
  9         d       1 [4,5] (15)  >13 {+2}
                             -1804.894  -162.318   149.300  1818.318     0.000
 10         u       2 [6] (50)  >8 {+3}
                                53.290     2.712     6.364    53.737     0.000
 11        h0      25 [7] (90)   
                              1702.092   154.153   119.778  1717.856   125.700
 12    Rem:p+      82 [1] (92)  13> {-1}
                                 0.000     0.000  4542.066  4542.067     0.784
 13    Rem:p+      82 [2] (94)  9>>12 {+1,-2}
                                -0.000     0.000 -4818.207  4818.207     0.808
------------------------------------------------------------------------------
     Sum of momenta:                 0         0         0   1.3e+04   1.3e+04
------------------------------------------------------------------------------
Step 2 performed by DipoleShowerHandler
--- intermediates:
  3         u       2 [18] (5,7)   {+1}
                                -0.000     0.000  1957.933  1957.933     0.000
  4         g      21 [14] (9)   {+2,-1}
                                 0.000    -0.000 -1681.793  1681.793     0.000
  8      dbar      -1 [6] (52)   {-3}
                                49.512     5.453     0.699    49.816     0.000
  9         d       1 [4,5] (15)   {+2}
                             -1804.894  -162.318   149.300  1818.318     0.000
 10         u       2 [6] (50)   {+3}
                                53.290     2.712     6.364    53.737     0.000
 11        h0      25 [7] (90)   
                              1702.092   154.153   119.778  1717.856   125.700
 14         g      21 [16] (4)   {+2,-1}
                                -2.675     1.807 -1679.673  1679.676    -0.000
 15         d       1 [9] (21)   {+2}
                             -1807.215  -160.456   152.115  1820.690     0.000
 16         g      21 [19] (14,17)   {+4,-1}
                                -2.681     1.812 -1683.603  1683.606    -0.000
 17         g      21 [16] (20,29)   {+4,-2}
                                -4.772    -2.070     8.341     9.830    -0.000
 18         u       2 [26] (3)   {+1}
                                -1.974     1.919  1960.405  1960.407     0.000
 19         g      21 [22] (16)   {+4,-1}
                                -2.691     1.818 -1689.441  1689.444    -0.000
 20         g      21 [17] (25,42)   {+5,-2}
                                -8.933     2.475     0.919     9.315    -0.000
 21         d       1 [15] (24)   {+2}
                             -1802.449  -158.381   139.843  1814.790    -0.000
 22         g      21 [28] (19)   {+4,-1}
                                -0.284    -0.039 -1691.349  1691.349     0.000
 23         g      21 [26] (27,39)   {+6,-1}
                                 4.818    -3.716     2.950     6.761     0.000
 24         d       1 [21] (51,58)   {+2}
                             -1733.206  -152.297   134.471  1745.073    -0.000
 25         g      21 [20] (43)   {+7,-2}
                               -68.987    -1.940     2.830    69.073    -0.000
 26         u       2 [30] (18,23)   {+6}
                                 0.436     0.060  1965.263  1965.263    -0.000
 27         g      21 [23] (31,59)   {+6,-8}
                                 7.368    -2.092     0.773     7.699     0.000
 28         g      21 [34] (22)   {+4,-1}
                                -0.285    -0.039 -1696.596  1696.596    -0.000
 29         g      21 [17] (35,60)   {+4,-5}
                                 4.152    -4.539     1.585     6.353    -0.000
 30         u       2 [36] (26)   {+6}
                                 0.437     0.060  1968.141  1968.141    -0.000
 31         g      21 [27] (32)   {+6,-9}
                                 4.029    -1.194    -1.422     4.436    -0.000
 32         g      21 [31] (55,62)   {+6,-9}
                                 4.617    -3.319    -0.130     5.688     0.000
 33         g      21 [36] (37)   {+10,-6}
                                -0.575     2.126    59.019    59.060     0.000
 34         g      21 [44] (28)   {+4,-1}
                                -0.285    -0.039 -1698.194  1698.194    -0.000
 35         g      21 [29] (45)   {+4,-11}
                                 5.084    -4.143    -0.881     6.617     0.000
 36         u       2 [48] (30,33)   {+10}
                                 0.451     0.062  2028.453  2028.453    -0.000
 37         g      21 [33] (40,41)   {+10,-6}
                                -0.545     2.015    55.942    55.981    -0.000
 38         u       2 [44] (63,65)   {+1}
                                 1.510    -0.078 -1477.223  1477.224    -0.000
 39         g      21 [23] (57)   {+8,-1}
                                -2.552    -1.624    -3.070     4.309    -0.000
 40         g      21 [37] (64,66)   {+12,-6}
                                -0.133     1.268   437.182   437.184    -0.000
 41         g      21 [37] (61)   {+10,-12}
                                -0.326     0.760     9.190     9.227    -0.000
 42         g      21 [20] (54,67)   {+5,-7}
                                -9.189    -1.669     3.460     9.960     0.000
 43         g      21 [25] (56)   {+7,-2}
                               -64.094    -1.803     2.630    64.173    -0.000
 44         u       2 [49] (34,38)   {+4}
                                -0.533    -0.073 -3174.098  3174.098     0.000
 45         g      21 [35] (46,47)   {+4,-11}
                                 3.326    -4.099     0.438     5.297     0.000
 46         g      21 [45] (53,69)   {+4,-13}
                                 3.693    -5.165    -0.675     6.385     0.000
 47         g      21 [45] (68)   {+13,-11}
                                -0.371     1.065   -25.450    25.475    -0.000
 48         u       2 [91] (36)   {+10}
                                 0.537     0.074  2418.883  2418.883    -0.000
 49         u       2 [93] (44)   {+4}
                                -0.537    -0.074 -3200.661  3200.661    -0.000
 50         u       2 [10] (70)   {+3}
                                53.222     2.767     6.416    53.679     0.000
 51         d       1 [24] (71)   {+14}
                             -1307.259  -115.058   104.046  1316.430    -0.000
 52      dbar      -1 [8] (72)   {-3}
                                49.447     5.504     0.747    49.758    -0.000
 53         g      21 [46] (73)   {+4,-15}
                                 0.330    -2.080     0.174     2.113     0.000
 54         g      21 [42] (74)   {+5,-16}
                               -11.532    -2.869     2.809    12.211    -0.000
 55         g      21 [32] (75)   {+17,-9}
                                 3.515    -1.169    -1.308     3.928     0.000
 56         g      21 [43] (76)   {+7,-2}
                               -52.189    -1.468     2.141    52.254    -0.000
 57         g      21 [39] (77)   {+8,-1}
                                -2.542    -1.618    -3.059     4.294     0.000
 58         g      21 [24] (78)   {+2,-14}
                              -430.840   -37.376    30.626   433.542     0.000
 59         g      21 [27] (79)   {+9,-8}
                                 3.340    -0.898     5.073     6.140    -0.000
 60         g      21 [29] (80)   {+11,-5}
                                -0.932    -0.397     0.868     1.334     0.000
 61         g      21 [41] (81)   {+10,-12}
                                -0.270     0.629     7.605     7.636    -0.000
 62         g      21 [32] (82)   {+6,-17}
                                 1.072    -2.039     4.255     4.839     0.000
 63         u       2 [38] (83)   {+18}
                                 2.387    -0.514 -1312.053  1312.055     0.000
 64         g      21 [40] (84)   {+19,-6}
                                 0.035     2.021   314.196   314.203    -0.000
 65         g      21 [38] (85)   {+1,-18}
                                -0.886     0.430  -165.181   165.184     0.000
 66         g      21 [40] (86)   {+12,-19}
                                -0.224    -0.622   124.570   124.572    -0.000
 67         g      21 [42] (87)   {+16,-7}
                                -9.562     0.865     1.140     9.669    -0.000
 68         g      21 [47] (88)   {+13,-11}
                                -0.365     1.046   -24.993    25.017    -0.000
 69         g      21 [46] (89)   {+15,-13}
                                 3.357    -3.066    -1.307     4.730    -0.000
 91         u       2 [1] (48)   {+10}
                                -0.000     0.000  2418.883  2418.883    -0.000
 92    Rem:p+      82 [12] (95)   
                                 0.000    -0.000  4081.117  4081.117     0.650
 93         u       2 [2] (49)   {+4}
                                -0.000     0.000 -3200.662  3200.662    -0.000
 94    Rem:p+      82 [13] (96)   
                                 0.000    -0.000 -3299.338  3299.339     0.650
--- final:
 70         u       2 [50]   >72 {+3}
                                53.205     2.766     6.414    53.662     0.325
 71         d       1 [51]   >78 {+14}
                             -1306.836  -115.021   104.012  1316.004     0.325
 72      dbar      -1 [52]   70> {-3}
                                49.431     5.502     0.747    49.743     0.325
 73         g      21 [53]   89>>96 {+4,-15}
                                 0.244    -2.087     0.129     2.310     0.950
 74         g      21 [54]   87>>80 {+5,-16}
                               -11.553    -2.870     2.795    12.265     0.950
 75         g      21 [55]   79>>82 {+17,-9}
                                 3.476    -1.172    -1.328     4.015     0.950
 76         g      21 [56]   78>>87 {+7,-2}
                               -52.179    -1.468     2.137    52.252     0.950
 77         g      21 [57]   85>>79 {+8,-1}
                                -2.621    -1.625    -3.100     4.474     0.950
 78         g      21 [58]   71>>76 {+2,-14}
                              -430.702   -37.364    30.616   433.403     0.950
 79         g      21 [59]   77>>75 {+9,-8}
                                 3.317    -0.899     5.059     6.189     0.950
 80         g      21 [60]   74>>88 {+11,-5}
                                -1.089    -0.411     0.784     1.695     0.950
 81         g      21 [61]   86>>95 {+10,-12}
                                -0.291     0.627     7.591     7.682     0.950
 82         g      21 [62]   75>>84 {+6,-17}
                                 1.041    -2.041     4.237     4.910     0.950
 83         u       2 [63]   >85 {+18}
                                 2.386    -0.514 -1311.628  1311.630     0.325
 84         g      21 [64]   82>>86 {+19,-6}
                                 0.035     2.020   314.094   314.102     0.950
 85         g      21 [65]   83>>77 {+1,-18}
                                -0.887     0.430  -165.129   165.134     0.950
 86         g      21 [66]   84>>81 {+12,-19}
                                -0.225    -0.622   124.529   124.535     0.950
 87         g      21 [67]   76>>74 {+16,-7}
                                -9.593     0.862     1.121     9.743     0.950
 88         g      21 [68]   80>>89 {+13,-11}
                                -0.375     1.045   -24.990    25.033     0.950
 89         g      21 [69]   88>>73 {+15,-13}
                                 3.322    -3.068    -1.325     4.806     0.950
 90        h0      25 [11]    
                              1699.896   155.911   121.455  1715.956   125.700
 95      ud_0    2101 [92]   81> {-10}
                                 0.000    -0.000  4081.117  4081.117     0.650
 96      ud_0    2101 [94]   73> {-4}
                                 0.000    -0.000 -3299.338  3299.338     0.650
------------------------------------------------------------------------------
     Sum of momenta:                 0         0         0   1.3e+04   1.3e+04
******************************************************************************
Event number 9 (id: LHC-H-Merging) performed by EventHandler
Weight: 5.26614e-06
==============================================================================

--- Colliding particles:
  1        p+    2212  (10,39)   
                                 0.000     0.000  6500.000  6500.000     0.938
  2        p+    2212  (11,41)   
                                 0.000     0.000 -6500.000  6500.000     0.938
------------------------------------------------------------------------------
Primary sub-process performed by ME[ubar,u->sbar,s,h0].Born
--- incoming:
  3      ubar      -2 [18] (6)   {-1}
                                 0.000    -0.000    21.427    21.427     0.000
  4         u       2 [19] (6)   {+1}
                                 0.000     0.000  -632.757   632.757     0.000
--- intermediates:
  5        Z0      23 [6] (7,8)   
                                12.525   -36.991  -297.639   313.997    92.087
  6        Z0      23 [3,4] (5,9)   
                                 0.000     0.000  -611.330   654.185   232.881
--- outgoing:
  7      sbar      -3 [5] (12)  8> {-2}
                                25.434   -46.436   -81.003    96.771     0.000
  8         s       3 [5] (13)  >7 {+2}
                               -12.909     9.445  -216.636   217.226     0.000
  9        h0      25 [6] (38)   
                               -12.525    36.991  -313.691   340.188   125.700
------------------------------------------------------------------------------
Step 1
--- intermediates:
  3      ubar      -2 [18] (6)   {-1}
                                 0.000    -0.000    21.427    21.427     0.000
  4         u       2 [19] (6)   {+1}
                                 0.000     0.000  -632.757   632.757     0.000
  5        Z0      23 [6] (7,8)   
                                12.525   -36.991  -297.639   313.997    92.087
  6        Z0      23 [3,4] (5,9)   
                                 0.000     0.000  -611.330   654.185   232.881
--- final:
  7      sbar      -3 [5] (12)  8> {-2}
                                25.434   -46.436   -81.003    96.771     0.000
  8         s       3 [5] (13)  >7 {+2}
                               -12.909     9.445  -216.636   217.226     0.000
  9        h0      25 [6] (38)   
                               -12.525    36.991  -313.691   340.188   125.700
 10    Rem:p+      82 [1] (40)  >11 {+1}
                                 0.000     0.000  6478.572  6478.573     0.937
 11    Rem:p+      82 [2] (42)  10> {-1}
                                -0.000     0.000 -5867.242  5867.243     0.891
------------------------------------------------------------------------------
     Sum of momenta:                 0         0         0   1.3e+04   1.3e+04
------------------------------------------------------------------------------
Step 2 performed by DipoleShowerHandler
--- intermediates:
  3      ubar      -2 [18] (6)   {-1}
                                 0.000    -0.000    21.427    21.427     0.000
  4         u       2 [19] (6)   {+1}
                                 0.000     0.000  -632.757   632.757     0.000
  7      sbar      -3 [5] (12)   {-2}
                                25.434   -46.436   -81.003    96.771     0.000
  8         s       3 [5] (13)   {+2}
                               -12.909     9.445  -216.636   217.226     0.000
  9        h0      25 [6] (38)   
                               -12.525    36.991  -313.691   340.188   125.700
 12      sbar      -3 [7] (14,25)   {-2}
                                24.940   -46.265   -80.361    96.023     0.000
 13         s       3 [8] (15)   {+2}
                               -13.160     9.526  -217.921   218.526     0.000
 14         g      21 [12] (16,26)   {+3,-2}
                                10.832   -10.211   -27.066    30.890     0.000
 15         s       3 [13] (17)   {+2}
                               -12.957     9.379  -214.565   215.160     0.000
 16         g      21 [14] (27,28)   {+4,-2}
                                 2.914     0.215    -6.433     7.065     0.000
 17         s       3 [15] (24)   {+2}
                               -12.745     9.225  -211.041   211.627     0.000
 18      ubar      -2 [20] (3)   {-1}
                                -1.083     0.382    21.326    21.357     0.000
 19         u       2 [23] (4)   {+1}
                                -0.688     0.220  -635.323   635.324     0.000
 20      ubar      -2 [22] (18)   {-1}
                                -0.158     0.065    21.407    21.408     0.000
 21         g      21 [23] (29)   {+5,-1}
                                 1.859    -0.638   -14.672    14.803     0.000
 22      ubar      -2 [39] (20,30)   {-6}
                                -0.246     0.101    33.262    33.263     0.000
 23         u       2 [41] (19,21)   {+5}
                                 0.246    -0.101  -650.076   650.076     0.000
 24         s       3 [17] (31)   {+2}
                               -12.292     8.898  -203.551   204.116     0.000
 25      sbar      -3 [12] (32)   {-3}
                                13.905   -35.908   -56.651    68.499     0.000
 26         g      21 [14] (33)   {+3,-4}
                                 7.706   -10.272   -24.157    27.358     0.000
 27         g      21 [16] (34)   {+4,-7}
                                 0.841     0.181    -0.394     0.946    -0.000
 28         g      21 [16] (35)   {+7,-2}
                                 1.621     0.362   -13.529    13.630     0.000
 29         g      21 [21] (36)   {+5,-1}
                                 0.365    -1.323   -14.653    14.717     0.000
 30         g      21 [22] (37)   {+1,-6}
                                 1.407     0.721    11.836    11.942     0.000
 39      ubar      -2 [1] (22)   {-6}
                                -0.000    -0.000    33.263    33.263     0.000
 40    Rem:p+      82 [10] (43..45)   
                                 0.000     0.000  6466.736  6466.738     4.338
 41         u       2 [2] (23)   {+5}
                                -0.000     0.000  -650.076   650.076     0.000
 42    Rem:p+      82 [11] (46)   
                                 0.000    -0.000 -5849.923  5849.923     0.650
--- final:
 31         s       3 [24]   >35 {+2}
                               -12.243     8.862  -202.743   203.306     0.450
 32      sbar      -3 [25]   33> {-3}
                                13.850   -35.765   -56.432    68.233     0.450
 33         g      21 [26]   34>>32 {+3,-4}
                                 7.679   -10.242   -24.147    27.347     0.950
 34         g      21 [27]   35>>33 {+4,-7}
                                 0.865     0.104    -1.002     1.632     0.950
 35         g      21 [28]   31>>34 {+7,-2}
                                 1.625     0.331   -13.711    13.843     0.950
 36         g      21 [29]   37>>46 {+5,-1}
                                 0.374    -1.348   -14.836    14.932     0.950
 37         g      21 [30]   44>>36 {+1,-6}
                                 1.402     0.716    11.771    11.914     0.950
 38        h0      25 [9]    
                               -13.551    37.342  -315.715   342.132   125.700
 43         u       2 [40]   >45 {+8}
                                 0.168    -0.338   109.780   109.781     0.325
 44         u       2 [40]   >37 {+6}
                                 0.011    -0.401  4676.772  4676.772     0.325
 45      ud_0    2101 [40]   43> {-8}
                                -0.179     0.739  1680.185  1680.185     0.650
 46      ud_0    2101 [42]   36> {-5}
                                 0.000    -0.000 -5849.923  5849.923     0.650
------------------------------------------------------------------------------
     Sum of momenta:                 0         0  0.000129   1.3e+04   1.3e+04
final integrated cross section is ( 0.00115939 +/- 0.000216675 ) nb
No exceptions reported in this run.

Miscellaneous output from modules to the standard output:

[0;32mRivet.Analysis.Handler: INFO [0m Finalising analyses
[0;32mRivet.Analysis.Handler: INFO [0m Processed 100 events

The MCnet usage guidelines apply to Rivet: see http://www.montecarlonet.org/GUIDELINES
Please acknowledge plots made with Rivet analyses, and cite arXiv:1003.0694 (http://arxiv.org/abs/1003.0694)
