>>>>>>>>>>>>>>>>>>>>>>>>>>>>>>>>>>>>>>>>>>>>>>>>>>>>>>>>>>>>>>>>>>>>>>>>>>>>>>
>>>> Toolkit for HEP Event Generation - ThePEG 2.2.0 <<<<<<<<<<<<<<<<<<<<<<<<<
>>>> Wed Sep 30 22:26:15 2020                                             <<<<
<<<<<<<<<<<<<<<<<<<<<<<<<<<<<<<<<<<<<<<<<<<<<<<<<<<<<<<<<<<<<<<<<<<<<<<<<<<<<<

>> Herwig 7.2.0 / ThePEG 2.2.0

==============================================================================
Statistics for event handler 'EventHandler':
                                       generated    number of    Cross-section
                                          events     attempts             (nb)
==============================================================================
Total (from attempted events): including vetoed events             1.2(2)e-03
==============================================================================
Total (from generated events):              100          100       1.2(2)e-03
Events carry varying weights.
==============================================================================
Per matrix element breakdown:
ME[d,d->d,d,h0].Born                           3            3       0.1(1)e-03
ME[d,ubar->ubar,d,h0].Born                     3            3       20(10)e-06
ME[d,cbar->cbar,d,h0].Born                     3            3       30(20)e-06
ME[dbar,d->ubar,u,h0].Born                    12           12      0.12(5)e-03
ME[dbar,u->dbar,u,h0].Born                     5            5         2(2)e-06
ME[dbar,sbar->sbar,dbar,h0].Born               2            2       9.9(7)e-06
ME[ubar,dbar->ubar,dbar,h0].Born               4            4       20(10)e-06
ME[ubar,u->sbar,s,h0].Born                     6            6       60(30)e-06
ME[ubar,sbar->sbar,ubar,h0].Born               0            0                0
ME[u,ubar->dbar,d,h0].Born                    19           19       0.4(1)e-03
ME[u,c->u,c,h0].Born                           2            2       10(10)e-06
ME[u,s->u,s,h0].Born                           3            3       30(20)e-06
ME[c,ubar->ubar,c,h0].Born                     0            0                0
ME[c,cbar->cbar,c,h0].Born                     0            0                0
ME[cbar,d->cbar,d,h0].Born                     2            2       40(30)e-06
ME[cbar,u->sbar,d,h0].Born                     7            7       60(30)e-06
ME[cbar,cbar->cbar,cbar,h0].Born               0            0                0
ME[sbar,d->sbar,d,h0].Born                     0            0                0
ME[sbar,c->dbar,u,h0].Born                     0            0                0
ME[sbar,s->ubar,u,h0].Born                     0            0                0
ME[s,dbar->ubar,c,h0].Born                     1            1       10(10)e-06
ME[s,cbar->ubar,d,h0].Born                     2            2       20(20)e-06
ME[s,sbar->sbar,s,h0].Born                     0            0                0
ME[d,dbar->cbar,c,g,h0].Born                   0            0                0
ME[d,c->d,c,g,h0].Born                         0            0                0
ME[d,s->d,s,g,h0].Born                         0            0                0
ME[d,g->sbar,d,s,h0].Born                      0            0                0
ME[dbar,dbar->dbar,dbar,g,h0].Born             0            0                0
ME[dbar,cbar->cbar,dbar,g,h0].Born             0            0                0
ME[dbar,g->dbar,dbar,d,h0].Born                0            0                0
ME[ubar,d->ubar,d,g,h0].Born                   0            0                0
ME[ubar,u->ubar,u,g,h0].Born                   0            0                0
ME[ubar,cbar->cbar,ubar,g,h0].Born             0            0                0
ME[ubar,g->ubar,ubar,u,h0].Born                0            0                0
ME[u,dbar->dbar,u,g,h0].Born                   0            0                0
ME[u,ubar->sbar,s,g,h0].Born                   0            0                0
ME[u,sbar->sbar,u,g,h0].Born                   0            0                0
ME[u,g->cbar,u,c,h0].Born                      0            0                0
ME[c,dbar->dbar,c,g,h0].Born                   0            0                0
ME[c,cbar->dbar,d,g,h0].Born                   0            0                0
ME[c,sbar->sbar,c,g,h0].Born                   0            0                0
ME[c,g->cbar,c,c,h0].Born                      0            0                0
ME[cbar,ubar->cbar,ubar,g,h0].Born             0            0                0
ME[cbar,c->cbar,c,g,h0].Born                   0            0                0
ME[cbar,s->cbar,s,g,h0].Born                   0            0                0
ME[cbar,g->sbar,ubar,d,h0].Born                0            0                0
ME[sbar,ubar->sbar,ubar,g,h0].Born             0            0                0
ME[sbar,sbar->sbar,sbar,g,h0].Born             0            0                0
ME[sbar,g->cbar,dbar,u,h0].Born                0            0                0
ME[s,d->d,s,g,h0].Born                         0            0                0
ME[s,u->u,s,g,h0].Born                         0            0                0
ME[s,sbar->ubar,u,g,h0].Born                   0            0                0
ME[s,g->ubar,d,c,h0].Born                      0            0                0
ME[g,d->ubar,d,u,h0].Born                      0            0                0
ME[g,dbar->ubar,dbar,u,h0].Born                0            0                0
ME[g,ubar->ubar,ubar,u,h0].Born                0            0                0
ME[g,u->ubar,u,u,h0].Born                      0            0                0
ME[g,c->dbar,u,s,h0].Born                      0            0                0
ME[g,cbar->cbar,ubar,u,h0].Born                0            0                0
ME[g,sbar->cbar,sbar,c,h0].Born                0            0                0
ME[g,s->ubar,d,c,h0].Born                      1            1       90(90)e-09
ME[d,dbar->dbar,d,g,g,h0].Born                 0            0                0
ME[d,ubar->cbar,s,g,g,h0].Born                 0            0                0
ME[d,sbar->cbar,u,g,g,h0].Born                 0            0                0
ME[d,g->cbar,d,c,g,h0].Born                    0            0                0
ME[dbar,d->cbar,c,g,g,h0].Born                 0            0                0
ME[dbar,u->sbar,c,g,g,h0].Born                 0            0                0
ME[dbar,s->dbar,s,g,g,h0].Born                 0            0                0
ME[dbar,g->sbar,dbar,s,g,h0].Born              0            0                0
ME[ubar,ubar->ubar,ubar,g,g,h0].Born           0            0                0
ME[ubar,c->dbar,s,g,g,h0].Born                 0            0                0
ME[ubar,s->ubar,s,g,g,h0].Born                 0            0                0
ME[ubar,g->sbar,ubar,s,g,h0].Born              0            0                0
ME[u,ubar->ubar,u,g,g,h0].Born                 0            0                0
ME[u,cbar->cbar,u,g,g,h0].Born                 0            0                0
ME[u,g->dbar,d,u,g,h0].Born                    0            0                0
ME[c,d->d,c,g,g,h0].Born                       0            0                0
ME[c,u->u,c,g,g,h0].Born                       0            0                0
ME[c,cbar->sbar,s,g,g,h0].Born                 0            0                0
ME[c,g->dbar,u,s,g,h0].Born                    0            0                0
ME[cbar,dbar->cbar,dbar,g,g,h0].Born           0            0                0
ME[cbar,c->dbar,d,g,g,h0].Born                 0            0                0
ME[cbar,sbar->cbar,sbar,g,g,h0].Born           0            0                0
ME[cbar,g->cbar,cbar,c,g,h0].Born              0            0                0
ME[sbar,dbar->sbar,dbar,g,g,h0].Born           0            0                0
ME[sbar,c->sbar,c,g,g,h0].Born                 0            0                0
ME[sbar,s->cbar,c,g,g,h0].Born                 0            0                0
ME[sbar,g->sbar,ubar,u,g,h0].Born              0            0                0
ME[s,ubar->ubar,s,g,g,h0].Born                 0            0                0
ME[s,cbar->cbar,s,g,g,h0].Born                 0            0                0
ME[s,s->s,s,g,g,h0].Born                       0            0                0
ME[s,g->sbar,s,s,g,h0].Born                    0            0                0
ME[g,d->sbar,d,s,g,h0].Born                    0            0                0
ME[g,dbar->sbar,ubar,c,g,h0].Born              0            0                0
ME[g,ubar->sbar,ubar,s,g,h0].Born              0            0                0
ME[g,u->sbar,u,s,g,h0].Born                    0            0                0
ME[g,c->sbar,s,c,g,h0].Born                    0            0                0
ME[g,cbar->sbar,ubar,d,g,h0].Born              0            0                0
ME[g,sbar->sbar,sbar,s,g,h0].Born              0            0                0
ME[g,s->sbar,s,s,g,h0].Born                    0            0                0
ME[g,g->cbar,dbar,u,s,h0].Born                 0            0                0
ME[g,g->sbar,ubar,d,c,h0].Born                 0            0                0
ME[d,d->cbar,d,d,c,h0].Born                    0            0                0
ME[d,dbar->ubar,ubar,u,u,h0].Born              0            0                0
ME[d,dbar->cbar,sbar,s,c,h0].Born              0            0                0
ME[d,ubar->ubar,dbar,d,d,h0].Born              0            0                0
ME[d,ubar->cbar,cbar,s,c,h0].Born              0            0                0
ME[d,u->cbar,d,u,c,h0].Born                    0            0                0
ME[d,c->dbar,d,u,s,h0].Born                    0            0                0
ME[d,c->sbar,d,s,c,h0].Born                    0            0                0
ME[d,cbar->cbar,cbar,u,s,h0].Born              0            0                0
ME[d,sbar->cbar,cbar,u,c,h0].Born              0            0                0
ME[d,sbar->sbar,sbar,d,s,h0].Born              0            0                0
ME[d,s->cbar,u,s,s,h0].Born                    0            0                0
ME[dbar,d->cbar,dbar,d,c,h0].Born              0            0                0
ME[dbar,d->sbar,dbar,d,s,h0].Born              0            0                0
ME[dbar,dbar->ubar,dbar,dbar,u,h0].Bo          0            0                0
ME[dbar,ubar->ubar,ubar,dbar,u,h0].Bo          0            0                0
ME[dbar,u->dbar,dbar,d,u,h0].Born              0            0                0
ME[dbar,u->sbar,dbar,u,s,h0].Born              0            0                0
ME[dbar,c->ubar,dbar,u,c,h0].Born              0            0                0
ME[dbar,cbar->cbar,ubar,dbar,u,h0].Bo          0            0                0
ME[dbar,cbar->sbar,ubar,ubar,u,h0].Bo          0            0                0
ME[dbar,sbar->sbar,ubar,dbar,u,h0].Bo          0            0                0
ME[dbar,s->ubar,dbar,u,s,h0].Born              0            0                0
ME[dbar,s->sbar,ubar,s,c,h0].Born              0            0                0
ME[ubar,d->cbar,ubar,u,s,h0].Born              0            0                0
ME[ubar,dbar->ubar,ubar,dbar,u,h0].Bo          0            0                0
ME[ubar,ubar->ubar,ubar,dbar,d,h0].Bo          0            0                0
ME[ubar,u->dbar,dbar,d,d,h0].Born              0            0                0
ME[ubar,u->cbar,ubar,u,c,h0].Born              0            0                0
ME[ubar,u->sbar,ubar,u,s,h0].Born              0            0                0
ME[ubar,c->ubar,ubar,u,c,h0].Born              0            0                0
ME[ubar,cbar->cbar,ubar,dbar,d,h0].Bo          0            0                0
ME[ubar,cbar->sbar,ubar,ubar,d,h0].Bo          0            0                0
ME[ubar,sbar->cbar,sbar,ubar,c,h0].Bo          0            0                0
ME[ubar,s->ubar,ubar,d,c,h0].Born              0            0                0
ME[u,d->dbar,d,d,u,h0].Born                    0            0                0
ME[u,d->sbar,d,u,s,h0].Born                    0            0                0
ME[u,dbar->sbar,dbar,d,c,h0].Born              0            0                0
ME[u,ubar->ubar,dbar,d,u,h0].Born              0            0                0
ME[u,ubar->cbar,cbar,c,c,h0].Born              0            0                0
ME[u,ubar->sbar,sbar,s,s,h0].Born              0            0                0
ME[u,u->sbar,u,u,s,h0].Born                    0            0                0
ME[u,c->sbar,d,c,c,h0].Born                    0            0                0
ME[u,cbar->cbar,sbar,d,c,h0].Born              0            0                0
ME[u,sbar->cbar,dbar,u,u,h0].Born              0            0                0
ME[u,sbar->sbar,sbar,u,s,h0].Born              0            0                0
ME[u,s->cbar,d,c,c,h0].Born                    0            0                0
ME[c,d->dbar,d,u,s,h0].Born                    0            0                0
ME[c,d->sbar,d,s,c,h0].Born                    0            0                0
ME[c,dbar->cbar,dbar,c,c,h0].Born              0            0                0
ME[c,ubar->ubar,dbar,u,s,h0].Born              0            0                0
ME[c,ubar->sbar,ubar,s,c,h0].Born              0            0                0
ME[c,u->sbar,d,c,c,h0].Born                    0            0                0
ME[c,c->cbar,c,c,c,h0].Born                    0            0                0
ME[c,cbar->cbar,dbar,d,c,h0].Born              0            0                0
ME[c,cbar->sbar,dbar,d,s,h0].Born              0            0                0
ME[c,sbar->ubar,dbar,u,u,h0].Born              0            0                0
ME[c,sbar->sbar,ubar,u,c,h0].Born              0            0                0
ME[c,s->ubar,u,s,c,h0].Born                    0            0                0
ME[cbar,d->cbar,cbar,d,c,h0].Born              0            0                0
ME[cbar,dbar->cbar,ubar,dbar,u,h0].Bo          0            0                0
ME[cbar,dbar->sbar,ubar,ubar,u,h0].Bo          0            0                0
ME[cbar,ubar->cbar,cbar,ubar,c,h0].Bo          0            0                0
ME[cbar,u->cbar,cbar,u,c,h0].Born              0            0                0
ME[cbar,u->sbar,sbar,d,s,h0].Born              0            0                0
ME[cbar,c->cbar,dbar,u,s,h0].Born              0            0                0
ME[cbar,c->sbar,ubar,d,c,h0].Born              0            0                0
ME[cbar,cbar->cbar,cbar,cbar,c,h0].Bo          0            0                0
ME[cbar,sbar->cbar,sbar,dbar,d,h0].Bo          0            0                0
ME[cbar,s->ubar,ubar,d,u,h0].Born              0            0                0
ME[cbar,s->cbar,sbar,s,s,h0].Born              0            0                0
ME[sbar,d->cbar,sbar,d,c,h0].Born              0            0                0
ME[sbar,dbar->cbar,dbar,dbar,u,h0].Bo          0            0                0
ME[sbar,dbar->sbar,sbar,ubar,c,h0].Bo          0            0                0
ME[sbar,ubar->cbar,sbar,ubar,c,h0].Bo          0            0                0
ME[sbar,u->cbar,sbar,u,c,h0].Born              0            0                0
ME[sbar,c->dbar,dbar,d,u,h0].Born              0            0                0
ME[sbar,c->sbar,dbar,u,s,h0].Born              0            0                0
ME[sbar,cbar->cbar,sbar,dbar,d,h0].Bo          0            0                0
ME[sbar,sbar->cbar,sbar,sbar,c,h0].Bo          0            0                0
ME[sbar,s->ubar,dbar,d,u,h0].Born              0            0                0
ME[sbar,s->cbar,cbar,c,c,h0].Born              0            0                0
ME[sbar,s->sbar,sbar,s,s,h0].Born              0            0                0
ME[s,d->cbar,u,s,s,h0].Born                    0            0                0
ME[s,dbar->ubar,ubar,u,c,h0].Born              0            0                0
ME[s,ubar->ubar,dbar,d,s,h0].Born              0            0                0
ME[s,ubar->sbar,ubar,s,s,h0].Born              0            0                0
ME[s,u->cbar,d,c,c,h0].Born                    0            0                0
ME[s,c->dbar,u,s,s,h0].Born                    0            0                0
ME[s,cbar->ubar,dbar,d,d,h0].Born              0            0                0
ME[s,cbar->cbar,cbar,s,c,h0].Born              0            0                0
ME[s,sbar->ubar,ubar,u,u,h0].Born              0            0                0
ME[s,sbar->cbar,sbar,s,c,h0].Born              0            0                0
ME[s,s->dbar,d,s,s,h0].Born                    0            0                0
ME[d,d->d,d,h0].Virtual                        1            1         1(1)e-06
ME[d,ubar->ubar,d,h0].Virtual                  3            3       0.1(1)e-03
ME[d,cbar->cbar,d,h0].Virtual                  0            0                0
ME[dbar,d->ubar,u,h0].Virtual                  4            4       40(30)e-06
ME[dbar,u->dbar,u,h0].Virtual                  3            3       40(30)e-06
ME[dbar,sbar->sbar,dbar,h0].Virtual            0            0                0
ME[ubar,dbar->ubar,dbar,h0].Virtual            0            0                0
ME[ubar,u->sbar,s,h0].Virtual                  1            1       20(20)e-06
ME[ubar,sbar->sbar,ubar,h0].Virtual            0            0                0
ME[u,ubar->dbar,d,h0].Virtual                  3            3        -3(3)e-06
ME[u,c->u,c,h0].Virtual                        0            0                0
ME[u,s->u,s,h0].Virtual                        0            0                0
ME[c,ubar->ubar,c,h0].Virtual                  0            0                0
ME[c,cbar->cbar,c,h0].Virtual                  0            0                0
ME[cbar,d->cbar,d,h0].Virtual                  0            0                0
ME[cbar,u->sbar,d,h0].Virtual                  1            1        -8(8)e-06
ME[cbar,cbar->cbar,cbar,h0].Virtual            0            0                0
ME[sbar,d->sbar,d,h0].Virtual                  1            1      -10(10)e-06
ME[sbar,c->dbar,u,h0].Virtual                  0            0                0
ME[sbar,s->ubar,u,h0].Virtual                  0            0                0
ME[s,dbar->ubar,c,h0].Virtual                  0            0                0
ME[s,cbar->ubar,d,h0].Virtual                  0            0                0
ME[s,sbar->sbar,s,h0].Virtual                  0            0                0
ME[d,dbar->cbar,c,g,h0].Virtual                0            0                0
ME[d,c->d,c,g,h0].Virtual                      0            0                0
ME[d,s->d,s,g,h0].Virtual                      0            0                0
ME[d,g->sbar,d,s,h0].Virtual                   0            0                0
ME[dbar,dbar->dbar,dbar,g,h0].Virtual          0            0                0
ME[dbar,cbar->cbar,dbar,g,h0].Virtual          0            0                0
ME[dbar,g->dbar,dbar,d,h0].Virtual             0            0                0
ME[ubar,d->ubar,d,g,h0].Virtual                0            0                0
ME[ubar,u->ubar,u,g,h0].Virtual                0            0                0
ME[ubar,cbar->cbar,ubar,g,h0].Virtual          0            0                0
ME[ubar,g->ubar,ubar,u,h0].Virtual             0            0                0
ME[u,dbar->dbar,u,g,h0].Virtual                0            0                0
ME[u,ubar->sbar,s,g,h0].Virtual                0            0                0
ME[u,sbar->sbar,u,g,h0].Virtual                0            0                0
ME[u,g->cbar,u,c,h0].Virtual                   0            0                0
ME[c,dbar->dbar,c,g,h0].Virtual                0            0                0
ME[c,cbar->dbar,d,g,h0].Virtual                0            0                0
ME[c,sbar->sbar,c,g,h0].Virtual                0            0                0
ME[c,g->cbar,c,c,h0].Virtual                   0            0                0
ME[cbar,ubar->cbar,ubar,g,h0].Virtual          0            0                0
ME[cbar,c->cbar,c,g,h0].Virtual                0            0                0
ME[cbar,s->cbar,s,g,h0].Virtual                0            0                0
ME[cbar,g->sbar,ubar,d,h0].Virtual             0            0                0
ME[sbar,ubar->sbar,ubar,g,h0].Virtual          0            0                0
ME[sbar,sbar->sbar,sbar,g,h0].Virtual          0            0                0
ME[sbar,g->cbar,dbar,u,h0].Virtual             0            0                0
ME[s,d->d,s,g,h0].Virtual                      0            0                0
ME[s,u->u,s,g,h0].Virtual                      0            0                0
ME[s,sbar->ubar,u,g,h0].Virtual                0            0                0
ME[s,g->ubar,d,c,h0].Virtual                   0            0                0
ME[g,d->ubar,d,u,h0].Virtual                   0            0                0
ME[g,dbar->ubar,dbar,u,h0].Virtual             0            0                0
ME[g,ubar->ubar,ubar,u,h0].Virtual             0            0                0
ME[g,u->ubar,u,u,h0].Virtual                   0            0                0
ME[g,c->dbar,u,s,h0].Virtual                   0            0                0
ME[g,cbar->cbar,ubar,u,h0].Virtual             0            0                0
ME[g,sbar->cbar,sbar,c,h0].Virtual             0            0                0
ME[g,s->ubar,d,c,h0].Virtual                   0            0                0
ME[d,dbar->dbar,d,g,h0].Real                   1            1      -0.2(2)e-06
ME[d,ubar->cbar,s,g,h0].Real                   0            0                0
ME[d,sbar->cbar,u,g,h0].Real                   1            1        -2(2)e-09
ME[d,g->cbar,d,c,h0].Real                      0            0                0
ME[dbar,d->cbar,c,g,h0].Real                   0            0                0
ME[dbar,u->sbar,c,g,h0].Real                   0            0                0
ME[dbar,s->dbar,s,g,h0].Real                   0            0                0
ME[dbar,g->sbar,dbar,s,h0].Real                0            0                0
ME[ubar,ubar->ubar,ubar,g,h0].Real             0            0                0
ME[ubar,c->dbar,s,g,h0].Real                   0            0                0
ME[ubar,s->ubar,s,g,h0].Real                   1            1        -7(7)e-06
ME[ubar,g->sbar,ubar,s,h0].Real                0            0                0
ME[u,ubar->ubar,u,g,h0].Real                   0            0                0
ME[u,cbar->cbar,u,g,h0].Real                   0            0                0
ME[u,g->dbar,d,u,h0].Real                      1            1         1(1)e-15
ME[c,d->d,c,g,h0].Real                         0            0                0
ME[c,u->u,c,g,h0].Real                         0            0                0
ME[c,cbar->sbar,s,g,h0].Real                   0            0                0
ME[c,g->dbar,u,s,h0].Real                      0            0                0
ME[cbar,dbar->cbar,dbar,g,h0].Real             0            0                0
ME[cbar,c->dbar,d,g,h0].Real                   0            0                0
ME[cbar,sbar->cbar,sbar,g,h0].Real             0            0                0
ME[cbar,g->cbar,cbar,c,h0].Real                0            0                0
ME[sbar,dbar->sbar,dbar,g,h0].Real             0            0                0
ME[sbar,c->sbar,c,g,h0].Real                   0            0                0
ME[sbar,s->cbar,c,g,h0].Real                   1            1       70(70)e-12
ME[sbar,g->sbar,ubar,u,h0].Real                0            0                0
ME[s,ubar->ubar,s,g,h0].Real                   0            0                0
ME[s,cbar->cbar,s,g,h0].Real                   0            0                0
ME[s,s->s,s,g,h0].Real                         0            0                0
ME[s,g->sbar,s,s,h0].Real                      0            0                0
ME[g,d->sbar,d,s,h0].Real                      0            0                0
ME[g,dbar->sbar,ubar,c,h0].Real                0            0                0
ME[g,ubar->sbar,ubar,s,h0].Real                0            0                0
ME[g,u->sbar,u,s,h0].Real                      0            0                0
ME[g,c->sbar,s,c,h0].Real                      0            0                0
ME[g,cbar->sbar,ubar,d,h0].Real                0            0                0
ME[g,sbar->sbar,sbar,s,h0].Real                0            0                0
ME[g,s->sbar,s,s,h0].Real                      0            0                0
ME[d,dbar->sbar,s,g,g,h0].Real                 0            0                0
ME[d,c->u,s,g,g,h0].Real                       0            0                0
ME[d,g->dbar,d,d,g,h0].Real                    0            0                0
ME[dbar,d->dbar,d,g,g,h0].Real                 0            0                0
ME[dbar,ubar->ubar,dbar,g,g,h0].Real           0            0                0
ME[dbar,cbar->sbar,ubar,g,g,h0].Real           0            0                0
ME[dbar,g->ubar,dbar,u,g,h0].Real              0            0                0
ME[ubar,d->cbar,s,g,g,h0].Real                 1            1         8(8)e-06
ME[ubar,u->cbar,c,g,g,h0].Real                 0            0                0
ME[ubar,sbar->cbar,dbar,g,g,h0].Real           0            0                0
ME[ubar,g->cbar,dbar,s,g,h0].Real              2            2        -8(8)e-12
ME[u,dbar->sbar,c,g,g,h0].Real                 0            0                0
ME[u,u->u,u,g,g,h0].Real                       0            0                0
ME[u,s->d,c,g,g,h0].Real                       0            0                0
ME[u,g->sbar,d,c,g,h0].Real                    0            0                0
ME[c,ubar->dbar,s,g,g,h0].Real                 0            0                0
ME[c,cbar->ubar,u,g,g,h0].Real                 0            0                0
ME[c,s->s,c,g,g,h0].Real                       0            0                0
ME[c,g->sbar,s,c,g,h0].Real                    0            0                0
ME[cbar,u->cbar,u,g,g,h0].Real                 0            0                0
ME[cbar,c->sbar,s,g,g,h0].Real                 0            0                0
ME[cbar,g->cbar,dbar,d,g,h0].Real              0            0                0
ME[sbar,d->cbar,u,g,g,h0].Real                 0            0                0
ME[sbar,u->sbar,u,g,g,h0].Real                 0            0                0
ME[sbar,s->dbar,d,g,g,h0].Real                 0            0                0
ME[sbar,g->cbar,sbar,c,g,h0].Real              0            0                0
ME[s,dbar->dbar,s,g,g,h0].Real                 0            0                0
ME[s,c->s,c,g,g,h0].Real                       0            0                0
ME[s,sbar->cbar,c,g,g,h0].Real                 0            0                0
ME[s,g->ubar,u,s,g,h0].Real                    0            0                0
ME[g,d->cbar,d,c,g,h0].Real                    0            0                0
ME[g,dbar->cbar,dbar,c,g,h0].Real              0            0                0
ME[g,ubar->cbar,dbar,s,g,h0].Real              0            0                0
ME[g,u->cbar,u,c,g,h0].Real                    0            0                0
ME[g,c->ubar,u,c,g,h0].Real                    0            0                0
ME[g,cbar->cbar,cbar,c,g,h0].Real              0            0                0
ME[g,sbar->sbar,dbar,d,g,h0].Real              0            0                0
ME[g,s->ubar,u,s,g,h0].Real                    0            0                0
ME[g,g->ubar,ubar,u,u,h0].Real                 0            0                0
ME[g,g->cbar,sbar,s,c,h0].Real                 0            0                0
ME[d,d->dbar,d,d,d,h0].Real                    0            0                0
ME[d,dbar->dbar,dbar,d,d,h0].Real              0            0                0
ME[d,dbar->cbar,ubar,u,c,h0].Real              0            0                0
ME[d,dbar->sbar,ubar,u,s,h0].Real              0            0                0
ME[d,ubar->cbar,ubar,d,c,h0].Real              0            0                0
ME[d,u->dbar,d,d,u,h0].Real                    0            0                0
ME[d,u->sbar,d,u,s,h0].Real                    0            0                0
ME[d,c->cbar,d,c,c,h0].Real                    0            0                0
ME[d,cbar->cbar,ubar,d,u,h0].Real              0            0                0
ME[d,sbar->cbar,dbar,d,u,h0].Real              0            0                0
ME[d,sbar->sbar,dbar,d,d,h0].Real              0            0                0
ME[d,s->ubar,d,u,s,h0].Real                    0            0                0
ME[dbar,d->ubar,dbar,d,u,h0].Real              0            0                0
ME[dbar,d->cbar,cbar,c,c,h0].Real              0            0                0
ME[dbar,d->sbar,sbar,s,s,h0].Real              0            0                0
ME[dbar,dbar->sbar,ubar,dbar,c,h0].Re          0            0                0
ME[dbar,ubar->sbar,ubar,dbar,s,h0].Re          0            0                0
ME[dbar,u->cbar,sbar,c,c,h0].Real              0            0                0
ME[dbar,c->dbar,dbar,d,c,h0].Real              0            0                0
ME[dbar,c->sbar,ubar,c,c,h0].Real              0            0                0
ME[dbar,cbar->cbar,sbar,ubar,c,h0].Re          0            0                0
ME[dbar,sbar->cbar,sbar,dbar,c,h0].Re          0            0                0
ME[dbar,s->dbar,dbar,d,s,h0].Real              0            0                0
ME[dbar,s->cbar,ubar,c,c,h0].Real              0            0                0
ME[ubar,d->cbar,dbar,d,s,h0].Real              0            0                0
ME[ubar,d->sbar,ubar,d,s,h0].Real              0            0                0
ME[ubar,dbar->sbar,ubar,dbar,s,h0].Re          0            0                0
ME[ubar,ubar->cbar,ubar,ubar,c,h0].Re          0            0                0
ME[ubar,u->cbar,dbar,d,c,h0].Real              0            0                0
ME[ubar,u->sbar,dbar,d,s,h0].Real              0            0                0
ME[ubar,c->ubar,dbar,d,c,h0].Real              0            0                0
ME[ubar,c->sbar,dbar,s,s,h0].Real              0            0                0
ME[ubar,cbar->cbar,cbar,ubar,c,h0].Re          0            0                0
ME[ubar,sbar->cbar,cbar,dbar,c,h0].Re          0            0                0
ME[ubar,sbar->sbar,sbar,ubar,s,h0].Re          0            0                0
ME[ubar,s->cbar,ubar,s,c,h0].Real              0            0                0
ME[u,d->cbar,u,u,s,h0].Real                    0            0                0
ME[u,dbar->cbar,dbar,u,c,h0].Real              0            0                0
ME[u,dbar->sbar,sbar,s,c,h0].Real              0            0                0
ME[u,ubar->cbar,dbar,u,s,h0].Real              0            0                0
ME[u,ubar->sbar,ubar,d,c,h0].Real              0            0                0
ME[u,u->cbar,u,u,c,h0].Real                    0            0                0
ME[u,c->ubar,u,u,c,h0].Real                    0            0                0
ME[u,cbar->cbar,ubar,u,u,h0].Real              0            0                0
ME[u,cbar->sbar,ubar,d,u,h0].Real              0            0                0
ME[u,sbar->sbar,ubar,u,u,h0].Real              0            0                0
ME[u,s->ubar,d,u,c,h0].Real                    0            0                0
ME[u,s->sbar,u,s,s,h0].Real                    0            0                0
ME[c,d->cbar,d,c,c,h0].Real                    0            0                0
ME[c,dbar->dbar,dbar,u,s,h0].Real              0            0                0
ME[c,ubar->dbar,dbar,d,s,h0].Real              0            0                0
ME[c,ubar->cbar,ubar,c,c,h0].Real              0            0                0
ME[c,u->ubar,u,u,c,h0].Real                    0            0                0
ME[c,c->dbar,u,s,c,h0].Real                    0            0                0
ME[c,cbar->ubar,dbar,d,u,h0].Real              0            0                0
ME[c,cbar->cbar,cbar,c,c,h0].Real              0            0                0
ME[c,cbar->sbar,sbar,s,s,h0].Real              0            0                0
ME[c,sbar->sbar,dbar,d,c,h0].Real              0            0                0
ME[c,s->dbar,u,s,s,h0].Real                    0            0                0
ME[cbar,d->cbar,dbar,d,d,h0].Real              0            0                0
ME[cbar,d->sbar,ubar,d,d,h0].Real              0            0                0
ME[cbar,dbar->cbar,sbar,ubar,c,h0].Re          0            0                0
ME[cbar,ubar->cbar,ubar,ubar,u,h0].Re          0            0                0
ME[cbar,u->cbar,dbar,d,u,h0].Real              0            0                0
ME[cbar,u->sbar,dbar,d,d,h0].Real              0            0                0
ME[cbar,c->ubar,ubar,u,u,h0].Real              0            0                0
ME[cbar,c->cbar,sbar,s,c,h0].Real              0            0                0
ME[cbar,cbar->cbar,cbar,dbar,d,h0].Re          0            0                0
ME[cbar,sbar->cbar,cbar,dbar,u,h0].Re          0            0                0
ME[cbar,sbar->sbar,sbar,ubar,d,h0].Re          0            0                0
ME[cbar,s->cbar,ubar,u,s,h0].Real              0            0                0
ME[sbar,d->cbar,ubar,u,u,h0].Real              0            0                0
ME[sbar,d->sbar,ubar,d,u,h0].Real              0            0                0
ME[sbar,dbar->sbar,ubar,dbar,u,h0].Re          0            0                0
ME[sbar,ubar->cbar,cbar,dbar,c,h0].Re          0            0                0
ME[sbar,ubar->sbar,sbar,ubar,s,h0].Re          0            0                0
ME[sbar,u->sbar,sbar,d,c,h0].Real              0            0                0
ME[sbar,c->cbar,sbar,c,c,h0].Real              0            0                0
ME[sbar,cbar->cbar,cbar,dbar,u,h0].Re          0            0                0
ME[sbar,cbar->sbar,sbar,ubar,d,h0].Re          0            0                0
ME[sbar,sbar->sbar,sbar,sbar,s,h0].Re          0            0                0
ME[sbar,s->cbar,dbar,u,s,h0].Real              0            0                0
ME[sbar,s->sbar,ubar,d,c,h0].Real              0            0                0
ME[s,d->ubar,d,u,s,h0].Real                    0            0                0
ME[s,dbar->ubar,dbar,d,c,h0].Real              0            0                0
ME[s,dbar->sbar,dbar,s,s,h0].Real              0            0                0
ME[s,ubar->cbar,dbar,s,s,h0].Real              0            0                0
ME[s,u->ubar,d,u,c,h0].Real                    0            0                0
ME[s,u->sbar,u,s,s,h0].Real                    0            0                0
ME[s,c->cbar,s,c,c,h0].Real                    0            0                0
ME[s,cbar->cbar,ubar,d,c,h0].Real              0            0                0
ME[s,sbar->dbar,dbar,d,d,h0].Real              0            0                0
ME[s,sbar->cbar,ubar,u,c,h0].Real              0            0                0
ME[s,sbar->sbar,ubar,u,s,h0].Real              0            0                0
ME[s,s->cbar,s,s,c,h0].Real                    0            0                0
==============================================================================
